Using pre-set license
Built from '2020.3/staging' branch; Version is '2020.3.8f1 (507919d4fff5) revision 5273881'; Using compiler version '192528614'; Build Type 'Release'
OS: 'Windows 10 Pro Education; OS build 19043.1288; Version 2009; 64bit' Language: 'pt' Physical Memory: 3792 MB
BatchMode: 1, IsHumanControllingUs: 0, StartBugReporterOnCrash: 0, Is64bit: 1, IsPro: 0

 COMMAND LINE ARGUMENTS:
C:\Users\Danie\Documents\Unity Patchs\2020.3.8f1\Editor\Unity.exe
-adb2
-batchMode
-noUpm
-name
AssetImportWorker3
-projectPath
C:/Users/Danie/Documents/GitHub/CSJ-Top-Down
-logFile
Logs/AssetImportWorker3.log
-srvPort
51026
Successfully changed project path to: C:/Users/Danie/Documents/GitHub/CSJ-Top-Down
C:/Users/Danie/Documents/GitHub/CSJ-Top-Down
Using Asset Import Pipeline V2.
Refreshing native plugins compatible for Editor in 227.63 ms, found 1 plugins.
Preloading 0 native plugins for Editor in 0.00 ms.
Initialize engine version: 2020.3.8f1 (507919d4fff5)
[Subsystems] Discovering subsystems at path C:/Users/Danie/Documents/Unity Patchs/2020.3.8f1/Editor/Data/Resources/UnitySubsystems
[Subsystems] Discovering subsystems at path C:/Users/Danie/Documents/GitHub/CSJ-Top-Down/Assets
GfxDevice: creating device client; threaded=0
Direct3D:
    Version:  Direct3D 11.0 [level 11.1]
    Renderer: Intel(R) HD Graphics (ID=0xa06)
    Vendor:   
    VRAM:     1896 MB
    Driver:   20.19.15.5171
Initialize mono
Mono path[0] = 'C:/Users/Danie/Documents/Unity Patchs/2020.3.8f1/Editor/Data/Managed'
Mono path[1] = 'C:/Users/Danie/Documents/Unity Patchs/2020.3.8f1/Editor/Data/MonoBleedingEdge/lib/mono/unityjit'
Mono config path = 'C:/Users/Danie/Documents/Unity Patchs/2020.3.8f1/Editor/Data/MonoBleedingEdge/etc'
Using monoOptions --debugger-agent=transport=dt_socket,embedding=1,server=y,suspend=n,address=127.0.0.1:56988
Begin MonoManager ReloadAssembly
Registering precompiled unity dll's ...
Register platform support module: C:/Users/Danie/Documents/Unity Patchs/2020.3.8f1/Editor/Data/PlaybackEngines/WebGLSupport/UnityEditor.WebGL.Extensions.dll
Register platform support module: C:/Users/Danie/Documents/Unity Patchs/2020.3.8f1/Editor/Data/PlaybackEngines/WindowsStandaloneSupport/UnityEditor.WindowsStandalone.Extensions.dll
Registered in 0.012752 seconds.
Native extension for WindowsStandalone target not found
Native extension for WebGL target not found
Refreshing native plugins compatible for Editor in 167.79 ms, found 1 plugins.
Preloading 0 native plugins for Editor in 0.00 ms.
Mono: successfully reloaded assembly
- Completed reload, in 12.306 seconds
Platform modules already initialized, skipping
Registering precompiled user dll's ...
Registered in 0.008874 seconds.
Begin MonoManager ReloadAssembly
Native extension for WindowsStandalone target not found
Native extension for WebGL target not found
Refreshing native plugins compatible for Editor in 162.11 ms, found 1 plugins.
Preloading 0 native plugins for Editor in 0.00 ms.
Mono: successfully reloaded assembly
- Completed reload, in  4.211 seconds
Platform modules already initialized, skipping
========================================================================
Worker process is ready to serve import requests
Launched and connected shader compiler UnityShaderCompiler.exe after 0.24 seconds
Refreshing native plugins compatible for Editor in 1.64 ms, found 1 plugins.
Preloading 0 native plugins for Editor in 0.00 ms.
Unloading 1961 Unused Serialized files (Serialized files now loaded: 0)
System memory in use before: 90.6 MB.
System memory in use after: 90.5 MB.

Unloading 25 unused Assets to reduce memory usage. Loaded Objects now: 2404.
Total: 5.864500 ms (FindLiveObjects: 0.463800 ms CreateObjectMapping: 0.319400 ms MarkObjects: 4.776800 ms  DeleteObjects: 0.300200 ms)

========================================================================
Received Import Request.
  path: Assets/Scripts/Dialogue/NPC/NPC_Dialogue.cs
  artifactKey: Guid(ed1f5d915932e444c92f839c50915561) Importer(815301076,1909f56bfc062723c751e8b465ee728b)
Start importing Assets/Scripts/Dialogue/NPC/NPC_Dialogue.cs using Guid(ed1f5d915932e444c92f839c50915561) Importer(815301076,1909f56bfc062723c751e8b465ee728b)  -> (artifact id: '221544ff95b479504dd04807d53cbfc8') in 0.219247 seconds
  Import took 0.245970 seconds .

========================================================================
Received Prepare
Refreshing native plugins compatible for Editor in 48.95 ms, found 1 plugins.
Preloading 0 native plugins for Editor in 0.00 ms.
Unloading 10 Unused Serialized files (Serialized files now loaded: 0)
System memory in use before: 51.8 MB.
System memory in use after: 51.7 MB.

Unloading 10 unused Assets to reduce memory usage. Loaded Objects now: 2404.
Total: 15.079900 ms (FindLiveObjects: 0.482200 ms CreateObjectMapping: 2.877700 ms MarkObjects: 11.462200 ms  DeleteObjects: 0.254200 ms)

========================================================================
Received Import Request.
  Time since last request: 740.892135 seconds.
  path: Assets/Scripts/Dialogue/dialogue_settings.cs
  artifactKey: Guid(6e186e3b95faf5b46a45d11fe4df5e15) Importer(815301076,1909f56bfc062723c751e8b465ee728b)
Start importing Assets/Scripts/Dialogue/dialogue_settings.cs using Guid(6e186e3b95faf5b46a45d11fe4df5e15) Importer(815301076,1909f56bfc062723c751e8b465ee728b)  -> (artifact id: 'c8fcc5cc62812befb521587e0f8e8acd') in 0.203086 seconds
  Import took 0.226006 seconds .

========================================================================
Received Prepare
Registering precompiled user dll's ...
Registered in 0.011071 seconds.
Begin MonoManager ReloadAssembly
Native extension for WindowsStandalone target not found
Native extension for WebGL target not found
Refreshing native plugins compatible for Editor in 1.19 ms, found 1 plugins.
Preloading 0 native plugins for Editor in 0.00 ms.
Mono: successfully reloaded assembly
- Completed reload, in  5.358 seconds
Platform modules already initialized, skipping
Refreshing native plugins compatible for Editor in 0.93 ms, found 1 plugins.
Preloading 0 native plugins for Editor in 0.00 ms.
Unloading 1954 Unused Serialized files (Serialized files now loaded: 0)
System memory in use before: 90.5 MB.
System memory in use after: 90.4 MB.

Unloading 13 unused Assets to reduce memory usage. Loaded Objects now: 2408.
Total: 5.187800 ms (FindLiveObjects: 0.457500 ms CreateObjectMapping: 0.303100 ms MarkObjects: 4.178800 ms  DeleteObjects: 0.245000 ms)

========================================================================
Received Prepare
Registering precompiled user dll's ...
Registered in 0.033248 seconds.
Begin MonoManager ReloadAssembly
Native extension for WindowsStandalone target not found
Native extension for WebGL target not found
Refreshing native plugins compatible for Editor in 6.26 ms, found 1 plugins.
Preloading 0 native plugins for Editor in 0.00 ms.
Mono: successfully reloaded assembly
- Completed reload, in  4.200 seconds
Platform modules already initialized, skipping
Refreshing native plugins compatible for Editor in 12.03 ms, found 1 plugins.
Preloading 0 native plugins for Editor in 0.00 ms.
Unloading 1954 Unused Serialized files (Serialized files now loaded: 0)
System memory in use before: 90.5 MB.
System memory in use after: 90.5 MB.

Unloading 13 unused Assets to reduce memory usage. Loaded Objects now: 2412.
Total: 13.531600 ms (FindLiveObjects: 0.521300 ms CreateObjectMapping: 0.290600 ms MarkObjects: 12.424100 ms  DeleteObjects: 0.291400 ms)

========================================================================
Received Import Request.
  Time since last request: 319.842455 seconds.
  path: Assets/Scripts/Dialogue/NPC_1.asset
  artifactKey: Guid(c559e9d6fda2f3844a26a70839f53903) Importer(815301076,1909f56bfc062723c751e8b465ee728b)
Start importing Assets/Scripts/Dialogue/NPC_1.asset using Guid(c559e9d6fda2f3844a26a70839f53903) Importer(815301076,1909f56bfc062723c751e8b465ee728b)  -> (artifact id: '732d7769577a1d13a23aa603284cb162') in 0.250139 seconds
  Import took 0.279040 seconds .

========================================================================
Received Prepare
Registering precompiled user dll's ...
Registered in 0.004626 seconds.
Begin MonoManager ReloadAssembly
Native extension for WindowsStandalone target not found
Native extension for WebGL target not found
Refreshing native plugins compatible for Editor in 1.61 ms, found 1 plugins.
Preloading 0 native plugins for Editor in 0.00 ms.
Mono: successfully reloaded assembly
- Completed reload, in 12.687 seconds
Platform modules already initialized, skipping
Refreshing native plugins compatible for Editor in 25.75 ms, found 1 plugins.
Preloading 0 native plugins for Editor in 0.00 ms.
Unloading 1954 Unused Serialized files (Serialized files now loaded: 0)
System memory in use before: 90.5 MB.
System memory in use after: 90.4 MB.

Unloading 13 unused Assets to reduce memory usage. Loaded Objects now: 2416.
Total: 12.451500 ms (FindLiveObjects: 0.674500 ms CreateObjectMapping: 0.801000 ms MarkObjects: 10.724200 ms  DeleteObjects: 0.249000 ms)

========================================================================
Received Prepare
Registering precompiled user dll's ...
Registered in 0.005995 seconds.
Begin MonoManager ReloadAssembly
Native extension for WindowsStandalone target not found
Native extension for WebGL target not found
Refreshing native plugins compatible for Editor in 0.90 ms, found 1 plugins.
Preloading 0 native plugins for Editor in 0.00 ms.
Mono: successfully reloaded assembly
- Completed reload, in  4.087 seconds
Platform modules already initialized, skipping
Refreshing native plugins compatible for Editor in 1.09 ms, found 1 plugins.
Preloading 0 native plugins for Editor in 0.00 ms.
Unloading 1954 Unused Serialized files (Serialized files now loaded: 0)
System memory in use before: 90.6 MB.
System memory in use after: 90.5 MB.

Unloading 13 unused Assets to reduce memory usage. Loaded Objects now: 2420.
Total: 9.750000 ms (FindLiveObjects: 0.492600 ms CreateObjectMapping: 4.122100 ms MarkObjects: 4.882500 ms  DeleteObjects: 0.249900 ms)

========================================================================
Received Prepare
Registering precompiled user dll's ...
Registered in 0.014705 seconds.
Begin MonoManager ReloadAssembly
Native extension for WindowsStandalone target not found
Native extension for WebGL target not found
Refreshing native plugins compatible for Editor in 2.72 ms, found 1 plugins.
Preloading 0 native plugins for Editor in 0.00 ms.
Mono: successfully reloaded assembly
- Completed reload, in  3.652 seconds
Platform modules already initialized, skipping
Refreshing native plugins compatible for Editor in 0.94 ms, found 1 plugins.
Preloading 0 native plugins for Editor in 0.00 ms.
Unloading 1954 Unused Serialized files (Serialized files now loaded: 0)
System memory in use before: 90.6 MB.
System memory in use after: 90.5 MB.

Unloading 13 unused Assets to reduce memory usage. Loaded Objects now: 2424.
Total: 11.233500 ms (FindLiveObjects: 0.614600 ms CreateObjectMapping: 0.298100 ms MarkObjects: 10.071600 ms  DeleteObjects: 0.245800 ms)

========================================================================
Received Prepare
Registering precompiled user dll's ...
Registered in 0.003614 seconds.
Begin MonoManager ReloadAssembly
Native extension for WindowsStandalone target not found
Native extension for WebGL target not found
Refreshing native plugins compatible for Editor in 1.87 ms, found 1 plugins.
Preloading 0 native plugins for Editor in 0.00 ms.
Mono: successfully reloaded assembly
- Completed reload, in  3.352 seconds
Platform modules already initialized, skipping
Refreshing native plugins compatible for Editor in 0.89 ms, found 1 plugins.
Preloading 0 native plugins for Editor in 0.00 ms.
Unloading 1954 Unused Serialized files (Serialized files now loaded: 0)
System memory in use before: 90.6 MB.
System memory in use after: 90.6 MB.

Unloading 13 unused Assets to reduce memory usage. Loaded Objects now: 2428.
Total: 4.711500 ms (FindLiveObjects: 0.390900 ms CreateObjectMapping: 0.273200 ms MarkObjects: 3.819800 ms  DeleteObjects: 0.225400 ms)

========================================================================
Received Prepare
Registering precompiled user dll's ...
Registered in 0.004032 seconds.
Begin MonoManager ReloadAssembly
Native extension for WindowsStandalone target not found
Native extension for WebGL target not found
Refreshing native plugins compatible for Editor in 1.71 ms, found 1 plugins.
Preloading 0 native plugins for Editor in 0.00 ms.
Mono: successfully reloaded assembly
- Completed reload, in  3.450 seconds
Platform modules already initialized, skipping
Refreshing native plugins compatible for Editor in 0.95 ms, found 1 plugins.
Preloading 0 native plugins for Editor in 0.00 ms.
Unloading 1954 Unused Serialized files (Serialized files now loaded: 0)
System memory in use before: 90.6 MB.
System memory in use after: 90.6 MB.

Unloading 13 unused Assets to reduce memory usage. Loaded Objects now: 2432.
Total: 9.166100 ms (FindLiveObjects: 0.428600 ms CreateObjectMapping: 0.379000 ms MarkObjects: 7.516500 ms  DeleteObjects: 0.838400 ms)

========================================================================
Received Import Request.
  Time since last request: 566.922730 seconds.
  path: Assets/Sprites/SUNNYSIDEWORLD_UI_V1.0/ASSETS/water.png
  artifactKey: Guid(38af4b60a78f44340a239a26bd3b7c2a) Importer(815301076,1909f56bfc062723c751e8b465ee728b)
Start importing Assets/Sprites/SUNNYSIDEWORLD_UI_V1.0/ASSETS/water.png using Guid(38af4b60a78f44340a239a26bd3b7c2a) Importer(815301076,1909f56bfc062723c751e8b465ee728b)  -> (artifact id: 'df7cbc6c3513a125dc6ef733fbc027d4') in 1.350776 seconds
  Import took 1.382500 seconds .

========================================================================
Received Import Request.
  Time since last request: 0.000766 seconds.
  path: Assets/Sprites/SUNNYSIDE_WORLD_CHARACTERS_PARTS_V0.3.1/DEATH/tools_death_strip13.png
  artifactKey: Guid(56da4b88052616a4389dc911e4846aac) Importer(815301076,1909f56bfc062723c751e8b465ee728b)
Start importing Assets/Sprites/SUNNYSIDE_WORLD_CHARACTERS_PARTS_V0.3.1/DEATH/tools_death_strip13.png using Guid(56da4b88052616a4389dc911e4846aac) Importer(815301076,1909f56bfc062723c751e8b465ee728b)  -> (artifact id: 'e4c36dc2dcd634820fd0cb0357a87df5') in 0.284743 seconds
  Import took 0.293821 seconds .

========================================================================
Received Import Request.
  Time since last request: 0.002348 seconds.
  path: Assets/Sprites/SUNNYSIDE_WORLD_CHARACTERS_PARTS_V0.3.1/WATERING/tools_watering_strip5.png
  artifactKey: Guid(9c982d7f4cbfa5c459c279df7a2eaea5) Importer(815301076,1909f56bfc062723c751e8b465ee728b)
Start importing Assets/Sprites/SUNNYSIDE_WORLD_CHARACTERS_PARTS_V0.3.1/WATERING/tools_watering_strip5.png using Guid(9c982d7f4cbfa5c459c279df7a2eaea5) Importer(815301076,1909f56bfc062723c751e8b465ee728b)  -> (artifact id: '44c43dce86254c52814c4f891dcecae1') in 0.553180 seconds
  Import took 0.658126 seconds .

========================================================================
Received Import Request.
  Time since last request: 0.000507 seconds.
  path: Assets/Sprites/CHARACTERS/ANIMATION/DUST_FX/PNG/dust_land_single_A_strip4.png
  artifactKey: Guid(827988eedbc64964e881d26d879a081e) Importer(815301076,1909f56bfc062723c751e8b465ee728b)
Start importing Assets/Sprites/CHARACTERS/ANIMATION/DUST_FX/PNG/dust_land_single_A_strip4.png using Guid(827988eedbc64964e881d26d879a081e) Importer(815301076,1909f56bfc062723c751e8b465ee728b)  -> (artifact id: '5f423cd8a02bf77a571aaba4458baa03') in 0.402382 seconds
  Import took 0.426510 seconds .

========================================================================
Received Import Request.
  Time since last request: 0.000485 seconds.
  path: Assets/Sprites/SUNNYSIDE_WORLD_CHARACTERS_PARTS_V0.3.1/DOING/bowlhair_doing_strip8.png
  artifactKey: Guid(4599f28931c7b72449af09d320808801) Importer(815301076,1909f56bfc062723c751e8b465ee728b)
Start importing Assets/Sprites/SUNNYSIDE_WORLD_CHARACTERS_PARTS_V0.3.1/DOING/bowlhair_doing_strip8.png using Guid(4599f28931c7b72449af09d320808801) Importer(815301076,1909f56bfc062723c751e8b465ee728b)  -> (artifact id: 'ab694528b452042aae9225c515a65fa0') in 0.284857 seconds
  Import took 0.296874 seconds .

========================================================================
Received Import Request.
  Time since last request: 0.000818 seconds.
  path: Assets/Sprites/SUNNYSIDE_WORLD_CHARACTERS_PARTS_V0.3.1/ATTACK/tools_attack_strip10.png
  artifactKey: Guid(d5a39efb67224824d87ac5f148ecd785) Importer(815301076,1909f56bfc062723c751e8b465ee728b)
Start importing Assets/Sprites/SUNNYSIDE_WORLD_CHARACTERS_PARTS_V0.3.1/ATTACK/tools_attack_strip10.png using Guid(d5a39efb67224824d87ac5f148ecd785) Importer(815301076,1909f56bfc062723c751e8b465ee728b)  -> (artifact id: '6758056747ff401996934bef114c6426') in 0.578622 seconds
  Import took 0.697514 seconds .

========================================================================
Received Import Request.
  Time since last request: 0.000628 seconds.
  path: Assets/Sprites/SUNNYSIDE_WORLD_CHARACTERS_PARTS_V0.3.1/ROLL/bowlhair_roll_strip10.png
  artifactKey: Guid(cdac62a9c825d9f498ea66a52bb39593) Importer(815301076,1909f56bfc062723c751e8b465ee728b)
Start importing Assets/Sprites/SUNNYSIDE_WORLD_CHARACTERS_PARTS_V0.3.1/ROLL/bowlhair_roll_strip10.png using Guid(cdac62a9c825d9f498ea66a52bb39593) Importer(815301076,1909f56bfc062723c751e8b465ee728b)  -> (artifact id: '8fee3892f8324ac36f5209d119a00142') in 0.360672 seconds
  Import took 0.374132 seconds .

========================================================================
Received Import Request.
  Time since last request: 0.000548 seconds.
  path: Assets/Sprites/SUNNYSIDE_WORLD_CHARACTERS_PARTS_V0.3.1/SWIMMING/bowlhair_swimming_strip12.png
  artifactKey: Guid(2328c7f70b634f54c995fe012bede68d) Importer(815301076,1909f56bfc062723c751e8b465ee728b)
Start importing Assets/Sprites/SUNNYSIDE_WORLD_CHARACTERS_PARTS_V0.3.1/SWIMMING/bowlhair_swimming_strip12.png using Guid(2328c7f70b634f54c995fe012bede68d) Importer(815301076,1909f56bfc062723c751e8b465ee728b)  -> (artifact id: 'e0ae2b029cb697f99a73f28ab4674c00') in 0.629074 seconds
  Import took 0.954498 seconds .

========================================================================
Received Import Request.
  Time since last request: 0.000477 seconds.
  path: Assets/Sprites/SUNNYSIDE_WORLD_CHARACTERS_PARTS_V0.3.1/CAUGHT/spikeyhair_caught_strip10.png
  artifactKey: Guid(86c07677b640a18409ea8cb85862337e) Importer(815301076,1909f56bfc062723c751e8b465ee728b)
Start importing Assets/Sprites/SUNNYSIDE_WORLD_CHARACTERS_PARTS_V0.3.1/CAUGHT/spikeyhair_caught_strip10.png using Guid(86c07677b640a18409ea8cb85862337e) Importer(815301076,1909f56bfc062723c751e8b465ee728b)  -> (artifact id: '25582db5b5bc354d04d5f68fa49a96ae') in 0.416506 seconds
  Import took 0.431067 seconds .

========================================================================
Received Import Request.
  Time since last request: 0.000466 seconds.
  path: Assets/Sprites/SUNNYSIDE_WORLD_CHARACTERS_PARTS_V0.3.1/HURT/base_hurt_strip8.png
  artifactKey: Guid(5f017e5863940a64796222e4465ea967) Importer(815301076,1909f56bfc062723c751e8b465ee728b)
Start importing Assets/Sprites/SUNNYSIDE_WORLD_CHARACTERS_PARTS_V0.3.1/HURT/base_hurt_strip8.png using Guid(5f017e5863940a64796222e4465ea967) Importer(815301076,1909f56bfc062723c751e8b465ee728b)  -> (artifact id: '6d78f924199fd91523a68cf54db95609') in 0.413256 seconds
  Import took 0.431053 seconds .

========================================================================
Received Import Request.
  Time since last request: 0.000539 seconds.
  path: Assets/Sprites/SUNNYSIDE_WORLD_CHARACTERS_PARTS_V0.3.1/DOING/spikeyhair_doing_strip8.png
  artifactKey: Guid(6a41bce532b58934d86ba7cb162fbd3e) Importer(815301076,1909f56bfc062723c751e8b465ee728b)
Start importing Assets/Sprites/SUNNYSIDE_WORLD_CHARACTERS_PARTS_V0.3.1/DOING/spikeyhair_doing_strip8.png using Guid(6a41bce532b58934d86ba7cb162fbd3e) Importer(815301076,1909f56bfc062723c751e8b465ee728b)  -> (artifact id: 'a942b0d1495679615d609576a70910f8') in 0.316150 seconds
  Import took 0.433657 seconds .

========================================================================
Received Import Request.
  Time since last request: 0.000541 seconds.
  path: Assets/Sprites/SUNNYSIDE_WORLD_CHARACTERS_PARTS_V0.3.1/HAMMERING/tools_hamering_strip23.png
  artifactKey: Guid(b68344d7e25df5c49856200723cf85d6) Importer(815301076,1909f56bfc062723c751e8b465ee728b)
Start importing Assets/Sprites/SUNNYSIDE_WORLD_CHARACTERS_PARTS_V0.3.1/HAMMERING/tools_hamering_strip23.png using Guid(b68344d7e25df5c49856200723cf85d6) Importer(815301076,1909f56bfc062723c751e8b465ee728b)  -> (artifact id: '3add8f6fd20b79c4e722f5eb56c206c8') in 0.187527 seconds
  Import took 0.258477 seconds .

========================================================================
Received Import Request.
  Time since last request: 0.109054 seconds.
  path: Assets/Sprites/SUNNYSIDEWORLD_UI_V1.0/ASSETS/9slice_box_white/w_box_9slice_tc.png
  artifactKey: Guid(2d91dc8b266616d4592b54a66e6f18ca) Importer(815301076,1909f56bfc062723c751e8b465ee728b)
Start importing Assets/Sprites/SUNNYSIDEWORLD_UI_V1.0/ASSETS/9slice_box_white/w_box_9slice_tc.png using Guid(2d91dc8b266616d4592b54a66e6f18ca) Importer(815301076,1909f56bfc062723c751e8b465ee728b)  -> (artifact id: 'e4afa2ed322a110c5f808d35dce97885') in 0.221588 seconds
  Import took 0.232290 seconds .

========================================================================
Received Import Request.
  Time since last request: 0.000529 seconds.
  path: Assets/Sprites/SUNNYSIDE_WORLD_CHARACTERS_PARTS_V0.3.1/WALKING/tools_walk_strip8.png
  artifactKey: Guid(ef90a1658c208af45ac30653bf984333) Importer(815301076,1909f56bfc062723c751e8b465ee728b)
Start importing Assets/Sprites/SUNNYSIDE_WORLD_CHARACTERS_PARTS_V0.3.1/WALKING/tools_walk_strip8.png using Guid(ef90a1658c208af45ac30653bf984333) Importer(815301076,1909f56bfc062723c751e8b465ee728b)  -> (artifact id: '7d275224c3732f9d5c2784859aa1b2f9') in 0.971356 seconds
  Import took 0.990429 seconds .

========================================================================
Received Import Request.
  Time since last request: 0.000475 seconds.
  path: Assets/Sprites/SUNNYSIDE_WORLD_CHARACTERS_PARTS_V0.3.1/CAUGHT/tools_caught_strip10.png
  artifactKey: Guid(0dfedce28c7e60a48af5d3a952f3deab) Importer(815301076,1909f56bfc062723c751e8b465ee728b)
Start importing Assets/Sprites/SUNNYSIDE_WORLD_CHARACTERS_PARTS_V0.3.1/CAUGHT/tools_caught_strip10.png using Guid(0dfedce28c7e60a48af5d3a952f3deab) Importer(815301076,1909f56bfc062723c751e8b465ee728b)  -> (artifact id: '06a44c5ea64737959801c3578bacf9e2') in 0.225677 seconds
  Import took 0.244047 seconds .

========================================================================
Received Import Request.
  Time since last request: 0.000807 seconds.
  path: Assets/Sprites/SUNNYSIDEWORLD_UI_V1.0/ASSETS/9slice_box_white/w_box_9slice_lc.png
  artifactKey: Guid(d66d4fd38633b1b4e95530ec85ad4815) Importer(815301076,1909f56bfc062723c751e8b465ee728b)
Start importing Assets/Sprites/SUNNYSIDEWORLD_UI_V1.0/ASSETS/9slice_box_white/w_box_9slice_lc.png using Guid(d66d4fd38633b1b4e95530ec85ad4815) Importer(815301076,1909f56bfc062723c751e8b465ee728b)  -> (artifact id: '89f90bc06a1e01682f8a638a89a0b06d') in 0.317940 seconds
  Import took 0.331236 seconds .

========================================================================
Received Import Request.
  Time since last request: 0.000518 seconds.
  path: Assets/Sprites/SUNNYSIDE_WORLD_CHARACTERS_PARTS_V0.3.1/HAMMERING/spikeyhair_hamering_strip23.png
  artifactKey: Guid(eda1307477dabd84da919c5aa41d41c1) Importer(815301076,1909f56bfc062723c751e8b465ee728b)
Start importing Assets/Sprites/SUNNYSIDE_WORLD_CHARACTERS_PARTS_V0.3.1/HAMMERING/spikeyhair_hamering_strip23.png using Guid(eda1307477dabd84da919c5aa41d41c1) Importer(815301076,1909f56bfc062723c751e8b465ee728b)  -> (artifact id: 'bb297371d80b8d5635864293d7d693b5') in 0.228474 seconds
  Import took 0.237515 seconds .

========================================================================
Received Import Request.
  Time since last request: 0.000539 seconds.
  path: Assets/Sprites/SUNNYSIDE_WORLD_CHARACTERS_PARTS_V0.3.1/MINING/tools_mining_strip10.png
  artifactKey: Guid(0ce2b090cc6d0604cb65da27e1ecf047) Importer(815301076,1909f56bfc062723c751e8b465ee728b)
Start importing Assets/Sprites/SUNNYSIDE_WORLD_CHARACTERS_PARTS_V0.3.1/MINING/tools_mining_strip10.png using Guid(0ce2b090cc6d0604cb65da27e1ecf047) Importer(815301076,1909f56bfc062723c751e8b465ee728b)  -> (artifact id: 'b733e8cb5880f5dbd6356d5b35534b71') in 0.239006 seconds
  Import took 0.256016 seconds .

========================================================================
Received Import Request.
  Time since last request: 0.000585 seconds.
  path: Assets/Sprites/SUNNYSIDE_WORLD_CHARACTERS_PARTS_V0.3.1/RUN/tools_run_strip8.png
  artifactKey: Guid(0acfb4fe7bda8e340b1b507958c25c40) Importer(815301076,1909f56bfc062723c751e8b465ee728b)
Start importing Assets/Sprites/SUNNYSIDE_WORLD_CHARACTERS_PARTS_V0.3.1/RUN/tools_run_strip8.png using Guid(0acfb4fe7bda8e340b1b507958c25c40) Importer(815301076,1909f56bfc062723c751e8b465ee728b)  -> (artifact id: '0f75050e87ce7bcef7d14c5ecd454cf3') in 0.159342 seconds
  Import took 0.177465 seconds .

========================================================================
Received Import Request.
  Time since last request: 0.006877 seconds.
  path: Assets/Sprites/SUNNYSIDEWORLD_UI_V1.0/ASSETS/9slice_box_white/w_box_9slice_br.png
  artifactKey: Guid(2a26e4faad0acf44da022d3aace78a99) Importer(815301076,1909f56bfc062723c751e8b465ee728b)
Start importing Assets/Sprites/SUNNYSIDEWORLD_UI_V1.0/ASSETS/9slice_box_white/w_box_9slice_br.png using Guid(2a26e4faad0acf44da022d3aace78a99) Importer(815301076,1909f56bfc062723c751e8b465ee728b)  -> (artifact id: '3e6b537886ee0b089acd5bb38926ed28') in 0.449358 seconds
  Import took 0.458883 seconds .

========================================================================
Received Import Request.
  Time since last request: 0.006704 seconds.
  path: Assets/Sprites/CHARACTERS/ANIMATION/DUST_FX/PNG/dust_land_single_B_strip3.png
  artifactKey: Guid(5c7ec59b47230a24a8c6c06f1dbdd53d) Importer(815301076,1909f56bfc062723c751e8b465ee728b)
Start importing Assets/Sprites/CHARACTERS/ANIMATION/DUST_FX/PNG/dust_land_single_B_strip3.png using Guid(5c7ec59b47230a24a8c6c06f1dbdd53d) Importer(815301076,1909f56bfc062723c751e8b465ee728b)  -> (artifact id: '5a5885000385e10baa2eeb152ea1d553') in 0.421296 seconds
  Import took 0.431872 seconds .

========================================================================
Received Import Request.
  Time since last request: 0.000480 seconds.
  path: Assets/Sprites/SUNNYSIDE_WORLD_CHARACTERS_PARTS_V0.3.1/CARRY/tools_carry_strip8.png
  artifactKey: Guid(3552af55b56b22a459955bf985b3bcfe) Importer(815301076,1909f56bfc062723c751e8b465ee728b)
Start importing Assets/Sprites/SUNNYSIDE_WORLD_CHARACTERS_PARTS_V0.3.1/CARRY/tools_carry_strip8.png using Guid(3552af55b56b22a459955bf985b3bcfe) Importer(815301076,1909f56bfc062723c751e8b465ee728b)  -> (artifact id: 'a5a25c6a212438d5e1bf9babe528642c') in 0.180936 seconds
  Import took 0.202104 seconds .

========================================================================
Received Import Request.
  Time since last request: 0.000585 seconds.
  path: Assets/Sprites/SUNNYSIDE_WORLD_CHARACTERS_PARTS_V0.3.1/JUMP/tools_jump_strip9.png
  artifactKey: Guid(e004e73ff4b1f9a478d65a5b26c8a687) Importer(815301076,1909f56bfc062723c751e8b465ee728b)
Start importing Assets/Sprites/SUNNYSIDE_WORLD_CHARACTERS_PARTS_V0.3.1/JUMP/tools_jump_strip9.png using Guid(e004e73ff4b1f9a478d65a5b26c8a687) Importer(815301076,1909f56bfc062723c751e8b465ee728b)  -> (artifact id: '2487b67e79da742b51ec0a61563fc27b') in 0.181534 seconds
  Import took 0.207997 seconds .

========================================================================
Received Import Request.
  Time since last request: 0.000561 seconds.
  path: Assets/Sprites/CHARACTERS/ANIMATION/DUST_FX/PNG/dust_general_strip9.png
  artifactKey: Guid(8ce89483c43731d4fa755e7cc8b873d9) Importer(815301076,1909f56bfc062723c751e8b465ee728b)
Start importing Assets/Sprites/CHARACTERS/ANIMATION/DUST_FX/PNG/dust_general_strip9.png using Guid(8ce89483c43731d4fa755e7cc8b873d9) Importer(815301076,1909f56bfc062723c751e8b465ee728b)  -> (artifact id: '0ad5515ab0a6a2d29160da405ba5f7e2') in 0.452461 seconds
  Import took 0.465322 seconds .

========================================================================
Received Import Request.
  Time since last request: 0.000523 seconds.
  path: Assets/Sprites/SUNNYSIDE_WORLD_CHARACTERS_PARTS_V0.3.1/WAITING/tools_waiting_strip9.png
  artifactKey: Guid(71c0971a6f743bb4f8338ed6ca385e9e) Importer(815301076,1909f56bfc062723c751e8b465ee728b)
Start importing Assets/Sprites/SUNNYSIDE_WORLD_CHARACTERS_PARTS_V0.3.1/WAITING/tools_waiting_strip9.png using Guid(71c0971a6f743bb4f8338ed6ca385e9e) Importer(815301076,1909f56bfc062723c751e8b465ee728b)  -> (artifact id: '33af75cd284de6261e016330926cb620') in 0.204938 seconds
  Import took 0.219815 seconds .

========================================================================
Received Import Request.
  Time since last request: 0.000902 seconds.
  path: Assets/Sprites/SUNNYSIDE_WORLD_CHARACTERS_PARTS_V0.3.1/DOING/tools_doing_strip8.png
  artifactKey: Guid(95a32bfa86bcb884789b3e34514f0625) Importer(815301076,1909f56bfc062723c751e8b465ee728b)
Start importing Assets/Sprites/SUNNYSIDE_WORLD_CHARACTERS_PARTS_V0.3.1/DOING/tools_doing_strip8.png using Guid(95a32bfa86bcb884789b3e34514f0625) Importer(815301076,1909f56bfc062723c751e8b465ee728b)  -> (artifact id: '9820d8c0c5ab86a4ecf73c56cc17b23b') in 0.176723 seconds
  Import took 0.185404 seconds .

========================================================================
Received Import Request.
  Time since last request: 0.000544 seconds.
  path: Assets/Sprites/SUNNYSIDE_WORLD_CHARACTERS_PARTS_V0.3.1/HAMMERING/bowlhair_hamering_strip23.png
  artifactKey: Guid(15a1b49c407a92d4ab8c63688ea0f630) Importer(815301076,1909f56bfc062723c751e8b465ee728b)
Start importing Assets/Sprites/SUNNYSIDE_WORLD_CHARACTERS_PARTS_V0.3.1/HAMMERING/bowlhair_hamering_strip23.png using Guid(15a1b49c407a92d4ab8c63688ea0f630) Importer(815301076,1909f56bfc062723c751e8b465ee728b)  -> (artifact id: 'b7e7524aa19c0c854bb34f42b886b472') in 0.628914 seconds
  Import took 0.636384 seconds .

========================================================================
Received Import Request.
  Time since last request: 0.000587 seconds.
  path: Assets/Sprites/SUNNYSIDE_WORLD_CHARACTERS_PARTS_V0.3.1/MINING/bowlhair_mining_strip10.png
  artifactKey: Guid(400666b720129014fa884971bbe022d3) Importer(815301076,1909f56bfc062723c751e8b465ee728b)
Start importing Assets/Sprites/SUNNYSIDE_WORLD_CHARACTERS_PARTS_V0.3.1/MINING/bowlhair_mining_strip10.png using Guid(400666b720129014fa884971bbe022d3) Importer(815301076,1909f56bfc062723c751e8b465ee728b)  -> (artifact id: 'd5752a89e03a0f6fe245ed1fa1453c2e') in 0.126761 seconds
  Import took 0.241383 seconds .

========================================================================
Received Import Request.
  Time since last request: 0.001196 seconds.
  path: Assets/Sprites/SUNNYSIDE_WORLD_CHARACTERS_PARTS_V0.3.1/DOING/base_doing_strip8.png
  artifactKey: Guid(911e373a710948949a49a06fe24abb48) Importer(815301076,1909f56bfc062723c751e8b465ee728b)
Start importing Assets/Sprites/SUNNYSIDE_WORLD_CHARACTERS_PARTS_V0.3.1/DOING/base_doing_strip8.png using Guid(911e373a710948949a49a06fe24abb48) Importer(815301076,1909f56bfc062723c751e8b465ee728b)  -> (artifact id: '998001f6677f6cbd16162acc52f8d62b') in 0.155589 seconds
  Import took 0.164797 seconds .

========================================================================
Received Import Request.
  Time since last request: 0.000469 seconds.
  path: Assets/Sprites/SUNNYSIDE_WORLD_CHARACTERS_PARTS_V0.3.1/CASTING/tools_casting_strip15.png
  artifactKey: Guid(9226de1fa4d76334e9ca217d69148a70) Importer(815301076,1909f56bfc062723c751e8b465ee728b)
Start importing Assets/Sprites/SUNNYSIDE_WORLD_CHARACTERS_PARTS_V0.3.1/CASTING/tools_casting_strip15.png using Guid(9226de1fa4d76334e9ca217d69148a70) Importer(815301076,1909f56bfc062723c751e8b465ee728b)  -> (artifact id: '53bfeb95ef72346a3bed8c3b79b60af3') in 0.187206 seconds
  Import took 0.197780 seconds .

========================================================================
Received Import Request.
  Time since last request: 0.000530 seconds.
  path: Assets/Sprites/SUNNYSIDEWORLD_UI_V1.0/ASSETS/9slice_box_white/w_box_9slice_rc.png
  artifactKey: Guid(b1659e2605554be479909e8a69a505e1) Importer(815301076,1909f56bfc062723c751e8b465ee728b)
Start importing Assets/Sprites/SUNNYSIDEWORLD_UI_V1.0/ASSETS/9slice_box_white/w_box_9slice_rc.png using Guid(b1659e2605554be479909e8a69a505e1) Importer(815301076,1909f56bfc062723c751e8b465ee728b)  -> (artifact id: '8394eaa27bda5e9539648bf5b7306aac') in 0.182269 seconds
  Import took 0.263723 seconds .

========================================================================
Received Import Request.
  Time since last request: 0.000493 seconds.
  path: Assets/Sprites/SUNNYSIDE_WORLD_CHARACTERS_PARTS_V0.3.1/HAMMERING/base_hamering_strip23.png
  artifactKey: Guid(b9fe52274e6ac0c46bfc5a3045788719) Importer(815301076,1909f56bfc062723c751e8b465ee728b)
Start importing Assets/Sprites/SUNNYSIDE_WORLD_CHARACTERS_PARTS_V0.3.1/HAMMERING/base_hamering_strip23.png using Guid(b9fe52274e6ac0c46bfc5a3045788719) Importer(815301076,1909f56bfc062723c751e8b465ee728b)  -> (artifact id: 'b8e565eda5878785e8fdaa8ca57d92a6') in 0.261655 seconds
  Import took 0.270455 seconds .

========================================================================
Received Import Request.
  Time since last request: 0.000529 seconds.
  path: Assets/Sprites/SUNNYSIDE_WORLD_CHARACTERS_PARTS_V0.3.1/MINING/spikeyhair_mining_strip10.png
  artifactKey: Guid(ec2b58aa5b59d1648aa58e87500f9e41) Importer(815301076,1909f56bfc062723c751e8b465ee728b)
Start importing Assets/Sprites/SUNNYSIDE_WORLD_CHARACTERS_PARTS_V0.3.1/MINING/spikeyhair_mining_strip10.png using Guid(ec2b58aa5b59d1648aa58e87500f9e41) Importer(815301076,1909f56bfc062723c751e8b465ee728b)  -> (artifact id: 'be4572523e94708d3efaad061654505c') in 0.383828 seconds
  Import took 0.476953 seconds .

========================================================================
Received Import Request.
  Time since last request: 0.045748 seconds.
  path: Assets/Sprites/SUNNYSIDE_WORLD_CHARACTERS_PARTS_V0.3.1/AXE/base_axe_strip10.png
  artifactKey: Guid(95cf427eade82ec4ab13838e61a31649) Importer(815301076,1909f56bfc062723c751e8b465ee728b)
Start importing Assets/Sprites/SUNNYSIDE_WORLD_CHARACTERS_PARTS_V0.3.1/AXE/base_axe_strip10.png using Guid(95cf427eade82ec4ab13838e61a31649) Importer(815301076,1909f56bfc062723c751e8b465ee728b)  -> (artifact id: 'b300e008d7c2ed712f8f49dbd21ee7e6') in 0.261935 seconds
  Import took 0.282113 seconds .

========================================================================
Received Import Request.
  Time since last request: 0.000468 seconds.
  path: Assets/Sprites/SUNNYSIDE_WORLD_CHARACTERS_PARTS_V0.3.1/HURT/tools_hurt_strip8.png
  artifactKey: Guid(ccd14d59795bf0346a955b1e0bf659bd) Importer(815301076,1909f56bfc062723c751e8b465ee728b)
Start importing Assets/Sprites/SUNNYSIDE_WORLD_CHARACTERS_PARTS_V0.3.1/HURT/tools_hurt_strip8.png using Guid(ccd14d59795bf0346a955b1e0bf659bd) Importer(815301076,1909f56bfc062723c751e8b465ee728b)  -> (artifact id: 'f86dc3771c3cea8410eceedeb2270d3b') in 0.248044 seconds
  Import took 0.259580 seconds .

========================================================================
Received Import Request.
  Time since last request: 0.001083 seconds.
  path: Assets/Sprites/SUNNYSIDE_WORLD_CHARACTERS_PARTS_V0.3.1/CARRY/base_carry_strip8.png
  artifactKey: Guid(086ec474a3ca38643a644855ef5217a4) Importer(815301076,1909f56bfc062723c751e8b465ee728b)
Start importing Assets/Sprites/SUNNYSIDE_WORLD_CHARACTERS_PARTS_V0.3.1/CARRY/base_carry_strip8.png using Guid(086ec474a3ca38643a644855ef5217a4) Importer(815301076,1909f56bfc062723c751e8b465ee728b)  -> (artifact id: '59e88355b304fadfa22cbf59084268df') in 0.176601 seconds
  Import took 0.228431 seconds .

========================================================================
Received Import Request.
  Time since last request: 0.000517 seconds.
  path: Assets/Sprites/SUNNYSIDEWORLD_UI_V1.0/ASSETS/axe.png
  artifactKey: Guid(5ce4a22d654ad0043bc5de13be232d99) Importer(815301076,1909f56bfc062723c751e8b465ee728b)
Start importing Assets/Sprites/SUNNYSIDEWORLD_UI_V1.0/ASSETS/axe.png using Guid(5ce4a22d654ad0043bc5de13be232d99) Importer(815301076,1909f56bfc062723c751e8b465ee728b)  -> (artifact id: 'ac86facc1d9335573e1569605472ba58') in 0.171232 seconds
  Import took 0.284230 seconds .

========================================================================
Received Import Request.
  Time since last request: 0.000473 seconds.
  path: Assets/Sprites/CHARACTERS/ANIMATION/DUST_FX/PNG/dust_land_strip6.png
  artifactKey: Guid(531e618f87832e345ae3866c01a82ce6) Importer(815301076,1909f56bfc062723c751e8b465ee728b)
Start importing Assets/Sprites/CHARACTERS/ANIMATION/DUST_FX/PNG/dust_land_strip6.png using Guid(531e618f87832e345ae3866c01a82ce6) Importer(815301076,1909f56bfc062723c751e8b465ee728b)  -> (artifact id: '0e46240c9c3e30db4182b92c2da0c3fe') in 0.207228 seconds
  Import took 0.216902 seconds .

========================================================================
Received Import Request.
  Time since last request: 0.000243 seconds.
  path: Assets/Sprites/SUNNYSIDE_WORLD_CHARACTERS_PARTS_V0.3.1/DEATH/base_death_strip13.png
  artifactKey: Guid(5b50fb35e1f7e1d4bac010342c1e3db4) Importer(815301076,1909f56bfc062723c751e8b465ee728b)
Start importing Assets/Sprites/SUNNYSIDE_WORLD_CHARACTERS_PARTS_V0.3.1/DEATH/base_death_strip13.png using Guid(5b50fb35e1f7e1d4bac010342c1e3db4) Importer(815301076,1909f56bfc062723c751e8b465ee728b)  -> (artifact id: 'b2e8d7c8b4e8dff147f563fdb7760095') in 0.294480 seconds
  Import took 0.304976 seconds .

========================================================================
Received Import Request.
  Time since last request: 0.000115 seconds.
  path: Assets/Sprites/SUNNYSIDE_WORLD_CHARACTERS_PARTS_V0.3.1/CAUGHT/base_caught_strip10.png
  artifactKey: Guid(08e193377d564704bb09af606e5e5307) Importer(815301076,1909f56bfc062723c751e8b465ee728b)
Start importing Assets/Sprites/SUNNYSIDE_WORLD_CHARACTERS_PARTS_V0.3.1/CAUGHT/base_caught_strip10.png using Guid(08e193377d564704bb09af606e5e5307) Importer(815301076,1909f56bfc062723c751e8b465ee728b)  -> (artifact id: '95aa6ddd599c97fc5375e45deb436135') in 0.118487 seconds
  Import took 0.227103 seconds .

========================================================================
Received Import Request.
  Time since last request: 0.000514 seconds.
  path: Assets/Sprites/SUNNYSIDE_WORLD_CHARACTERS_PARTS_V0.3.1/HURT/spikeyhair_hurt_strip8.png
  artifactKey: Guid(1fceffc6357862e4fab3eb74b66e66dd) Importer(815301076,1909f56bfc062723c751e8b465ee728b)
Start importing Assets/Sprites/SUNNYSIDE_WORLD_CHARACTERS_PARTS_V0.3.1/HURT/spikeyhair_hurt_strip8.png using Guid(1fceffc6357862e4fab3eb74b66e66dd) Importer(815301076,1909f56bfc062723c751e8b465ee728b)  -> (artifact id: '160a3a0dcbddc6a27040798ba23909c1') in 0.124682 seconds
  Import took 0.230118 seconds .

========================================================================
Received Import Request.
  Time since last request: 0.000475 seconds.
  path: Assets/Sprites/SUNNYSIDE_WORLD_CHARACTERS_PARTS_V0.3.1/JUMP/mophair_jump_strip9.png
  artifactKey: Guid(42923c444fd372940ac902280aee913a) Importer(815301076,1909f56bfc062723c751e8b465ee728b)
Start importing Assets/Sprites/SUNNYSIDE_WORLD_CHARACTERS_PARTS_V0.3.1/JUMP/mophair_jump_strip9.png using Guid(42923c444fd372940ac902280aee913a) Importer(815301076,1909f56bfc062723c751e8b465ee728b)  -> (artifact id: 'f3d2a57cfee6705408664328d44b1c97') in 0.289780 seconds
  Import took 0.301202 seconds .

========================================================================
Received Import Request.
  Time since last request: 0.000548 seconds.
  path: Assets/Sprites/SUNNYSIDE_WORLD_CHARACTERS_PARTS_V0.3.1/JUMP/spikeyhair_jump_strip9.png
  artifactKey: Guid(a396844413a89b240b35245c7297da6d) Importer(815301076,1909f56bfc062723c751e8b465ee728b)
Start importing Assets/Sprites/SUNNYSIDE_WORLD_CHARACTERS_PARTS_V0.3.1/JUMP/spikeyhair_jump_strip9.png using Guid(a396844413a89b240b35245c7297da6d) Importer(815301076,1909f56bfc062723c751e8b465ee728b)  -> (artifact id: 'ca7e03ece42ed626d161a019d6d1cc1a') in 0.269151 seconds
  Import took 0.283188 seconds .

========================================================================
Received Import Request.
  Time since last request: 0.000511 seconds.
  path: Assets/Sprites/SUNNYSIDE_WORLD_CHARACTERS_PARTS_V0.3.1/ROLL/tools_roll_strip10.png
  artifactKey: Guid(9310bc3c2ee8ad048890efe5c0cc4f8f) Importer(815301076,1909f56bfc062723c751e8b465ee728b)
Start importing Assets/Sprites/SUNNYSIDE_WORLD_CHARACTERS_PARTS_V0.3.1/ROLL/tools_roll_strip10.png using Guid(9310bc3c2ee8ad048890efe5c0cc4f8f) Importer(815301076,1909f56bfc062723c751e8b465ee728b)  -> (artifact id: '8209ff924300f2df3032777ab0881d62') in 0.155087 seconds
  Import took 0.164675 seconds .

========================================================================
Received Import Request.
  Time since last request: 0.001530 seconds.
  path: Assets/Sprites/SUNNYSIDEWORLD_UI_V1.0/ASSETS/arrow_right.png
  artifactKey: Guid(87830b3ee78f73d4b957d0575981e171) Importer(815301076,1909f56bfc062723c751e8b465ee728b)
Start importing Assets/Sprites/SUNNYSIDEWORLD_UI_V1.0/ASSETS/arrow_right.png using Guid(87830b3ee78f73d4b957d0575981e171) Importer(815301076,1909f56bfc062723c751e8b465ee728b)  -> (artifact id: '0509a62f94f06b469e420c9ecb513e28') in 0.342143 seconds
  Import took 0.351779 seconds .

========================================================================
Received Import Request.
  Time since last request: 0.000463 seconds.
  path: Assets/Sprites/SUNNYSIDE_WORLD_CHARACTERS_PARTS_V0.3.1/DIG/base_dig_strip13.png
  artifactKey: Guid(a1b5d8026f2246f4ca75e5bc24d6badd) Importer(815301076,1909f56bfc062723c751e8b465ee728b)
Start importing Assets/Sprites/SUNNYSIDE_WORLD_CHARACTERS_PARTS_V0.3.1/DIG/base_dig_strip13.png using Guid(a1b5d8026f2246f4ca75e5bc24d6badd) Importer(815301076,1909f56bfc062723c751e8b465ee728b)  -> (artifact id: '5fc68ae8af83f5cf64004c448a362167') in 0.160904 seconds
  Import took 0.174240 seconds .

========================================================================
Received Import Request.
  Time since last request: 0.096840 seconds.
  path: Assets/Sprites/SUNNYSIDEWORLD_UI_V1.0/ASSETS/9slice_box_white/dt_box_9slice_tr.png
  artifactKey: Guid(a418e5939ca7e1d4bab47da8b738e97a) Importer(815301076,1909f56bfc062723c751e8b465ee728b)
Start importing Assets/Sprites/SUNNYSIDEWORLD_UI_V1.0/ASSETS/9slice_box_white/dt_box_9slice_tr.png using Guid(a418e5939ca7e1d4bab47da8b738e97a) Importer(815301076,1909f56bfc062723c751e8b465ee728b)  -> (artifact id: '780130cc96797cf833d51d39f215af0c') in 0.175519 seconds
  Import took 0.191337 seconds .

========================================================================
Received Import Request.
  Time since last request: 0.000560 seconds.
  path: Assets/Sprites/SUNNYSIDE_WORLD_CHARACTERS_PARTS_V0.3.1/HURT/bowlhair_hurt_strip8.png
  artifactKey: Guid(7c92cf8e570f8b0498d43b5bf18ca25f) Importer(815301076,1909f56bfc062723c751e8b465ee728b)
Start importing Assets/Sprites/SUNNYSIDE_WORLD_CHARACTERS_PARTS_V0.3.1/HURT/bowlhair_hurt_strip8.png using Guid(7c92cf8e570f8b0498d43b5bf18ca25f) Importer(815301076,1909f56bfc062723c751e8b465ee728b)  -> (artifact id: '3b9792d593ff75814fe2febea3b2c3bc') in 2.335873 seconds
  Import took 2.421767 seconds .

========================================================================
Received Import Request.
  Time since last request: 0.000584 seconds.
  path: Assets/Sprites/SUNNYSIDEWORLD_UI_V1.0/ASSETS/9slice_box_white/w_box_9slice_bc.png
  artifactKey: Guid(95b2c5f6a4758824f81a1f7b29b3a91e) Importer(815301076,1909f56bfc062723c751e8b465ee728b)
Start importing Assets/Sprites/SUNNYSIDEWORLD_UI_V1.0/ASSETS/9slice_box_white/w_box_9slice_bc.png using Guid(95b2c5f6a4758824f81a1f7b29b3a91e) Importer(815301076,1909f56bfc062723c751e8b465ee728b)  -> (artifact id: 'c5a681e56d4525e716d8db84e33c4e9a') in 0.418044 seconds
  Import took 0.551587 seconds .

========================================================================
Received Import Request.
  Time since last request: 0.941862 seconds.
  path: Assets/Sprites/SUNNYSIDE_WORLD_CHARACTERS_PARTS_V0.3.1/DIG/tools_dig_strip13.png
  artifactKey: Guid(c37dfe02a8ce4834b91ec48df4d66a5e) Importer(815301076,1909f56bfc062723c751e8b465ee728b)
Start importing Assets/Sprites/SUNNYSIDE_WORLD_CHARACTERS_PARTS_V0.3.1/DIG/tools_dig_strip13.png using Guid(c37dfe02a8ce4834b91ec48df4d66a5e) Importer(815301076,1909f56bfc062723c751e8b465ee728b)  -> (artifact id: 'dfbf0b5e8c969ea353764a36f8b6075a') in 0.464321 seconds
  Import took 0.533537 seconds .

========================================================================
Received Import Request.
  Time since last request: 0.114553 seconds.
  path: Assets/Sprites/SUNNYSIDE_WORLD_CHARACTERS_PARTS_V0.3.1/REELING/tools_reeling_strip13.png
  artifactKey: Guid(1c00915657d181e44bd549185ef47cf6) Importer(815301076,1909f56bfc062723c751e8b465ee728b)
Start importing Assets/Sprites/SUNNYSIDE_WORLD_CHARACTERS_PARTS_V0.3.1/REELING/tools_reeling_strip13.png using Guid(1c00915657d181e44bd549185ef47cf6) Importer(815301076,1909f56bfc062723c751e8b465ee728b)  -> (artifact id: '4cb2a555937d289c8e6af4ef7d3ff5cb') in 0.571623 seconds
  Import took 0.599540 seconds .

========================================================================
Received Import Request.
  Time since last request: 0.003759 seconds.
  path: Assets/Sprites/SUNNYSIDE_WORLD_CHARACTERS_PARTS_V0.3.1/DEATH/spikeyhair_death_strip13.png
  artifactKey: Guid(6c8c0d4a51c7a0a41af5535754297e03) Importer(815301076,1909f56bfc062723c751e8b465ee728b)
Start importing Assets/Sprites/SUNNYSIDE_WORLD_CHARACTERS_PARTS_V0.3.1/DEATH/spikeyhair_death_strip13.png using Guid(6c8c0d4a51c7a0a41af5535754297e03) Importer(815301076,1909f56bfc062723c751e8b465ee728b)  -> (artifact id: '1135df56baafb7d855f68da6d989c832') in 0.202863 seconds
  Import took 0.342906 seconds .

========================================================================
Received Import Request.
  Time since last request: 0.001513 seconds.
  path: Assets/Sprites/SUNNYSIDEWORLD_UI_V1.0/ASSETS/sword.png
  artifactKey: Guid(7310da6398f7594478683bc0f5897986) Importer(815301076,1909f56bfc062723c751e8b465ee728b)
Start importing Assets/Sprites/SUNNYSIDEWORLD_UI_V1.0/ASSETS/sword.png using Guid(7310da6398f7594478683bc0f5897986) Importer(815301076,1909f56bfc062723c751e8b465ee728b)  -> (artifact id: '3090296f9692a8490f4e01b5cde2bede') in 1.364520 seconds
  Import took 1.447814 seconds .

========================================================================
Received Import Request.
  Time since last request: 0.000642 seconds.
  path: Assets/Sprites/SUNNYSIDEWORLD_UI_V1.0/ASSETS/9slice_box_white/w_box_9slice_c.png
  artifactKey: Guid(57ac78c37b50d4445805030ce2eb3b98) Importer(815301076,1909f56bfc062723c751e8b465ee728b)
Start importing Assets/Sprites/SUNNYSIDEWORLD_UI_V1.0/ASSETS/9slice_box_white/w_box_9slice_c.png using Guid(57ac78c37b50d4445805030ce2eb3b98) Importer(815301076,1909f56bfc062723c751e8b465ee728b)  -> (artifact id: '90a2ff33b87b15583f536a00a63e21e0') in 0.340720 seconds
  Import took 0.487629 seconds .

========================================================================
Received Import Request.
  Time since last request: 0.000526 seconds.
  path: Assets/Sprites/SUNNYSIDE_WORLD_CHARACTERS_PARTS_V0.3.1/AXE/tools_axe_strip10.png
  artifactKey: Guid(c5bb9ae643e26cd43b7de4b2ac02bac9) Importer(815301076,1909f56bfc062723c751e8b465ee728b)
Start importing Assets/Sprites/SUNNYSIDE_WORLD_CHARACTERS_PARTS_V0.3.1/AXE/tools_axe_strip10.png using Guid(c5bb9ae643e26cd43b7de4b2ac02bac9) Importer(815301076,1909f56bfc062723c751e8b465ee728b)  -> (artifact id: '953e2e8259995082beefa4c8997fd13a') in 0.161710 seconds
  Import took 0.245333 seconds .

========================================================================
Received Import Request.
  Time since last request: 0.000467 seconds.
  path: Assets/Sprites/SUNNYSIDE_WORLD_CHARACTERS_PARTS_V0.3.1/RUN/bowlhair_run_strip8.png
  artifactKey: Guid(0774d4ffa7513cb40abda252b3262099) Importer(815301076,1909f56bfc062723c751e8b465ee728b)
Start importing Assets/Sprites/SUNNYSIDE_WORLD_CHARACTERS_PARTS_V0.3.1/RUN/bowlhair_run_strip8.png using Guid(0774d4ffa7513cb40abda252b3262099) Importer(815301076,1909f56bfc062723c751e8b465ee728b)  -> (artifact id: 'b0110ea8e62e0ad362dafc61a189581c') in 0.292979 seconds
  Import took 0.303720 seconds .

========================================================================
Received Import Request.
  Time since last request: 0.000540 seconds.
  path: Assets/Sprites/SUNNYSIDEWORLD_UI_V1.0/ASSETS/9slice_box_white/dt_box_9slice_tl.png
  artifactKey: Guid(e5f4c2741b7c34a45999045ffb537b48) Importer(815301076,1909f56bfc062723c751e8b465ee728b)
Start importing Assets/Sprites/SUNNYSIDEWORLD_UI_V1.0/ASSETS/9slice_box_white/dt_box_9slice_tl.png using Guid(e5f4c2741b7c34a45999045ffb537b48) Importer(815301076,1909f56bfc062723c751e8b465ee728b)  -> (artifact id: 'aef0bae5ae32ef03d23d1b40057bd30a') in 0.175628 seconds
  Import took 0.302843 seconds .

========================================================================
Received Import Request.
  Time since last request: 0.000584 seconds.
  path: Assets/Sprites/SUNNYSIDEWORLD_UI_V1.0/ASSETS/9slice_box_white/w_box_9slice_tr.png
  artifactKey: Guid(1c3004a2017d8e94ca2aab2832ef1ce9) Importer(815301076,1909f56bfc062723c751e8b465ee728b)
Start importing Assets/Sprites/SUNNYSIDEWORLD_UI_V1.0/ASSETS/9slice_box_white/w_box_9slice_tr.png using Guid(1c3004a2017d8e94ca2aab2832ef1ce9) Importer(815301076,1909f56bfc062723c751e8b465ee728b)  -> (artifact id: '9f5d40359232de3d07f6b49d3ffc26f1') in 1.065821 seconds
  Import took 1.088001 seconds .

========================================================================
Received Import Request.
  Time since last request: 0.000574 seconds.
  path: Assets/Sprites/SUNNYSIDE_WORLD_CHARACTERS_PARTS_V0.3.1/JUMP/bowlhair_jump_strip9.png
  artifactKey: Guid(1c0e716eb7d7c6e43b42af88a801bdce) Importer(815301076,1909f56bfc062723c751e8b465ee728b)
Start importing Assets/Sprites/SUNNYSIDE_WORLD_CHARACTERS_PARTS_V0.3.1/JUMP/bowlhair_jump_strip9.png using Guid(1c0e716eb7d7c6e43b42af88a801bdce) Importer(815301076,1909f56bfc062723c751e8b465ee728b)  -> (artifact id: 'a4e387358224f295155d1cefbdf0f07e') in 0.196460 seconds
  Import took 0.313001 seconds .

========================================================================
Received Import Request.
  Time since last request: 0.123524 seconds.
  path: Assets/Sprites/SUNNYSIDE_WORLD_CHARACTERS_PARTS_V0.3.1/SWIMMING/tools_swimming_strip12.png
  artifactKey: Guid(46f0d1cca2fb77a409f42146f0bfd9fb) Importer(815301076,1909f56bfc062723c751e8b465ee728b)
Start importing Assets/Sprites/SUNNYSIDE_WORLD_CHARACTERS_PARTS_V0.3.1/SWIMMING/tools_swimming_strip12.png using Guid(46f0d1cca2fb77a409f42146f0bfd9fb) Importer(815301076,1909f56bfc062723c751e8b465ee728b)  -> (artifact id: '5e955f0185acd621e6e65501178cd7d4') in 0.129188 seconds
  Import took 0.143895 seconds .

========================================================================
Received Import Request.
  Time since last request: 0.000513 seconds.
  path: Assets/Sprites/CHARACTERS/ANIMATION/DUST_FX/PNG/dust_land_sidepuff_strip5.png
  artifactKey: Guid(d89a06f4085814a4d90c153a2cdecc3f) Importer(815301076,1909f56bfc062723c751e8b465ee728b)
Start importing Assets/Sprites/CHARACTERS/ANIMATION/DUST_FX/PNG/dust_land_sidepuff_strip5.png using Guid(d89a06f4085814a4d90c153a2cdecc3f) Importer(815301076,1909f56bfc062723c751e8b465ee728b)  -> (artifact id: 'b8986ccf9dab3e854f97d392b9c5a108') in 3.728296 seconds
  Import took 3.848803 seconds .

========================================================================
Received Import Request.
  Time since last request: 0.152711 seconds.
  path: Assets/Sprites/SUNNYSIDE_WORLD_CHARACTERS_PARTS_V0.3.1/REELING/bowlhair_reeling_strip13.png
  artifactKey: Guid(24ec8fa30ca015d4ca8333b7274c6eb5) Importer(815301076,1909f56bfc062723c751e8b465ee728b)
Start importing Assets/Sprites/SUNNYSIDE_WORLD_CHARACTERS_PARTS_V0.3.1/REELING/bowlhair_reeling_strip13.png using Guid(24ec8fa30ca015d4ca8333b7274c6eb5) Importer(815301076,1909f56bfc062723c751e8b465ee728b)  -> (artifact id: '0b9fb1726806645c5dc4e9bb8aa7d8ac') in 0.878570 seconds
  Import took 0.902311 seconds .

========================================================================
Received Import Request.
  Time since last request: 0.000814 seconds.
  path: Assets/Sprites/SUNNYSIDE_WORLD_CHARACTERS_PARTS_V0.3.1/REELING/spikeyhair_reeling_strip13.png
  artifactKey: Guid(c2b021ba54c3cba46b4672710a9d5366) Importer(815301076,1909f56bfc062723c751e8b465ee728b)
Start importing Assets/Sprites/SUNNYSIDE_WORLD_CHARACTERS_PARTS_V0.3.1/REELING/spikeyhair_reeling_strip13.png using Guid(c2b021ba54c3cba46b4672710a9d5366) Importer(815301076,1909f56bfc062723c751e8b465ee728b)  -> (artifact id: 'f7a2ec7c173350546528a6f3b69b3f00') in 0.266957 seconds
  Import took 0.392032 seconds .

========================================================================
Received Import Request.
  Time since last request: 0.000847 seconds.
  path: Assets/Sprites/SUNNYSIDEWORLD_UI_V1.0/ASSETS/arrow_up.png
  artifactKey: Guid(9dde6858194b4ea4aa324ab933ea38ce) Importer(815301076,1909f56bfc062723c751e8b465ee728b)
Start importing Assets/Sprites/SUNNYSIDEWORLD_UI_V1.0/ASSETS/arrow_up.png using Guid(9dde6858194b4ea4aa324ab933ea38ce) Importer(815301076,1909f56bfc062723c751e8b465ee728b)  -> (artifact id: 'dea10937268d15aaed2c228f4087166e') in 0.286032 seconds
  Import took 0.575503 seconds .

========================================================================
Received Import Request.
  Time since last request: 0.000612 seconds.
  path: Assets/Sprites/SUNNYSIDE_WORLD_CHARACTERS_PARTS_V0.3.1/DIG/spikeyhair_dig_strip13.png
  artifactKey: Guid(764e2206b548e52459d9cab49730291b) Importer(815301076,1909f56bfc062723c751e8b465ee728b)
Start importing Assets/Sprites/SUNNYSIDE_WORLD_CHARACTERS_PARTS_V0.3.1/DIG/spikeyhair_dig_strip13.png using Guid(764e2206b548e52459d9cab49730291b) Importer(815301076,1909f56bfc062723c751e8b465ee728b)  -> (artifact id: 'acd131dace2cfa84173c190df3ab2287') in 0.218671 seconds
  Import took 0.347071 seconds .

========================================================================
Received Import Request.
  Time since last request: 0.003292 seconds.
  path: Assets/Sprites/CHARACTERS/ANIMATION/DUST_FX/PNG/dust_run_strip8.png
  artifactKey: Guid(e428e4cd11fb62741a3f8ffb59264235) Importer(815301076,1909f56bfc062723c751e8b465ee728b)
Start importing Assets/Sprites/CHARACTERS/ANIMATION/DUST_FX/PNG/dust_run_strip8.png using Guid(e428e4cd11fb62741a3f8ffb59264235) Importer(815301076,1909f56bfc062723c751e8b465ee728b)  -> (artifact id: 'a9e106c0705f4019919f090085da1ecf') in 0.291888 seconds
  Import took 0.582495 seconds .

========================================================================
Received Import Request.
  Time since last request: 0.000546 seconds.
  path: Assets/Sprites/SUNNYSIDE_WORLD_CHARACTERS_PARTS_V0.3.1/ATTACK/base_attack_strip10.png
  artifactKey: Guid(51c5d329ef67e404fa189f6edac09449) Importer(815301076,1909f56bfc062723c751e8b465ee728b)
Start importing Assets/Sprites/SUNNYSIDE_WORLD_CHARACTERS_PARTS_V0.3.1/ATTACK/base_attack_strip10.png using Guid(51c5d329ef67e404fa189f6edac09449) Importer(815301076,1909f56bfc062723c751e8b465ee728b)  -> (artifact id: '5f4eaca66867682293655123a07b8ad9') in 0.247682 seconds
  Import took 0.384294 seconds .

========================================================================
Received Import Request.
  Time since last request: 0.001475 seconds.
  path: Assets/Sprites/SUNNYSIDEWORLD_UI_V1.0/ASSETS/arrow_left.png
  artifactKey: Guid(6afafb53e723b9640bb8804c9713c7e8) Importer(815301076,1909f56bfc062723c751e8b465ee728b)
Start importing Assets/Sprites/SUNNYSIDEWORLD_UI_V1.0/ASSETS/arrow_left.png using Guid(6afafb53e723b9640bb8804c9713c7e8) Importer(815301076,1909f56bfc062723c751e8b465ee728b)  -> (artifact id: '9bf81e15ee6f1edfcc00cc3980d5c1d4') in 0.340483 seconds
  Import took 0.471863 seconds .

========================================================================
Received Import Request.
  Time since last request: 0.000863 seconds.
  path: Assets/Sprites/SUNNYSIDEWORLD_UI_V1.0/ASSETS/9slice_box_white/w_box_9slice_tl.png
  artifactKey: Guid(9e06bb212bbfe824993cbd53c877e68e) Importer(815301076,1909f56bfc062723c751e8b465ee728b)
Start importing Assets/Sprites/SUNNYSIDEWORLD_UI_V1.0/ASSETS/9slice_box_white/w_box_9slice_tl.png using Guid(9e06bb212bbfe824993cbd53c877e68e) Importer(815301076,1909f56bfc062723c751e8b465ee728b)  -> (artifact id: '946f37cd06f07c04151d28d5dc82f2ca') in 0.306001 seconds
  Import took 0.558013 seconds .

========================================================================
Received Import Request.
  Time since last request: 0.000630 seconds.
  path: Assets/Sprites/SUNNYSIDEWORLD_UI_V1.0/ASSETS/9slice_box_white/w_box_9slice_bl.png
  artifactKey: Guid(2db9110b9210c954da814f406c3fc950) Importer(815301076,1909f56bfc062723c751e8b465ee728b)
Start importing Assets/Sprites/SUNNYSIDEWORLD_UI_V1.0/ASSETS/9slice_box_white/w_box_9slice_bl.png using Guid(2db9110b9210c954da814f406c3fc950) Importer(815301076,1909f56bfc062723c751e8b465ee728b)  -> (artifact id: '5cd4ab3868be5c7fd81a194be798c0e7') in 1.217045 seconds
  Import took 1.333535 seconds .

========================================================================
Received Import Request.
  Time since last request: 0.102806 seconds.
  path: Assets/Sprites/SUNNYSIDEWORLD_UI_V1.0/ASSETS/arrow_up-1.png
  artifactKey: Guid(9735ccd8220545c42a711df860e76409) Importer(815301076,1909f56bfc062723c751e8b465ee728b)
Start importing Assets/Sprites/SUNNYSIDEWORLD_UI_V1.0/ASSETS/arrow_up-1.png using Guid(9735ccd8220545c42a711df860e76409) Importer(815301076,1909f56bfc062723c751e8b465ee728b)  -> (artifact id: '119ac13c1ab84698572427a3f8ee3834') in 0.631125 seconds
  Import took 0.646982 seconds .

========================================================================
Received Prepare
Registering precompiled user dll's ...
Registered in 0.006944 seconds.
Begin MonoManager ReloadAssembly
Native extension for WindowsStandalone target not found
Native extension for WebGL target not found
Refreshing native plugins compatible for Editor in 1.42 ms, found 1 plugins.
Preloading 0 native plugins for Editor in 0.00 ms.
Mono: successfully reloaded assembly
- Completed reload, in  6.340 seconds
Platform modules already initialized, skipping
Refreshing native plugins compatible for Editor in 1.17 ms, found 1 plugins.
Preloading 0 native plugins for Editor in 0.00 ms.
Unloading 1954 Unused Serialized files (Serialized files now loaded: 0)
System memory in use before: 93.7 MB.
System memory in use after: 93.7 MB.

Unloading 13 unused Assets to reduce memory usage. Loaded Objects now: 2472.
Total: 33.350400 ms (FindLiveObjects: 0.620100 ms CreateObjectMapping: 0.331100 ms MarkObjects: 31.609500 ms  DeleteObjects: 0.785100 ms)

========================================================================
Received Prepare
Registering precompiled user dll's ...
Registered in 0.005161 seconds.
Begin MonoManager ReloadAssembly
Native extension for WindowsStandalone target not found
Native extension for WebGL target not found
Refreshing native plugins compatible for Editor in 0.89 ms, found 1 plugins.
Preloading 0 native plugins for Editor in 0.00 ms.
Mono: successfully reloaded assembly
- Completed reload, in  3.948 seconds
Platform modules already initialized, skipping
Refreshing native plugins compatible for Editor in 1.61 ms, found 1 plugins.
Preloading 0 native plugins for Editor in 0.00 ms.
Unloading 1954 Unused Serialized files (Serialized files now loaded: 0)
System memory in use before: 93.7 MB.
System memory in use after: 93.7 MB.

Unloading 13 unused Assets to reduce memory usage. Loaded Objects now: 2476.
Total: 22.661700 ms (FindLiveObjects: 0.660900 ms CreateObjectMapping: 0.327200 ms MarkObjects: 21.093900 ms  DeleteObjects: 0.553900 ms)

========================================================================
Received Prepare
Registering precompiled user dll's ...
Registered in 0.020964 seconds.
Begin MonoManager ReloadAssembly
Native extension for WindowsStandalone target not found
Native extension for WebGL target not found
Refreshing native plugins compatible for Editor in 0.89 ms, found 1 plugins.
Preloading 0 native plugins for Editor in 0.00 ms.
Mono: successfully reloaded assembly
- Completed reload, in 11.929 seconds
Platform modules already initialized, skipping
Refreshing native plugins compatible for Editor in 0.96 ms, found 1 plugins.
Preloading 0 native plugins for Editor in 0.00 ms.
Unloading 1954 Unused Serialized files (Serialized files now loaded: 0)
System memory in use before: 93.7 MB.
System memory in use after: 93.7 MB.

Unloading 13 unused Assets to reduce memory usage. Loaded Objects now: 2480.
Total: 6.698000 ms (FindLiveObjects: 0.766600 ms CreateObjectMapping: 0.329500 ms MarkObjects: 5.348700 ms  DeleteObjects: 0.249800 ms)

========================================================================
Received Prepare
Registering precompiled user dll's ...
Registered in 0.007436 seconds.
Begin MonoManager ReloadAssembly
Native extension for WindowsStandalone target not found
Native extension for WebGL target not found
Refreshing native plugins compatible for Editor in 0.88 ms, found 1 plugins.
Preloading 0 native plugins for Editor in 0.00 ms.
Mono: successfully reloaded assembly
- Completed reload, in  2.478 seconds
Platform modules already initialized, skipping
Refreshing native plugins compatible for Editor in 0.90 ms, found 1 plugins.
Preloading 0 native plugins for Editor in 0.00 ms.
Unloading 1954 Unused Serialized files (Serialized files now loaded: 0)
System memory in use before: 93.8 MB.
System memory in use after: 93.7 MB.

Unloading 13 unused Assets to reduce memory usage. Loaded Objects now: 2484.
Total: 5.099400 ms (FindLiveObjects: 0.362700 ms CreateObjectMapping: 0.214800 ms MarkObjects: 4.286700 ms  DeleteObjects: 0.232800 ms)

========================================================================
Received Import Request.
  Time since last request: 1744.801480 seconds.
  path: Assets/Scripts/Dialogue/NPC_1.asset
  artifactKey: Guid(c559e9d6fda2f3844a26a70839f53903) Importer(815301076,1909f56bfc062723c751e8b465ee728b)
Start importing Assets/Scripts/Dialogue/NPC_1.asset using Guid(c559e9d6fda2f3844a26a70839f53903) Importer(815301076,1909f56bfc062723c751e8b465ee728b)  -> (artifact id: 'cda6c1e35ee403f2b896f7ffee2c41b5') in 0.168008 seconds
  Import took 0.188607 seconds .

AssetImportWorkerClient::OnTransportError - code=2 error=End of file
