Using pre-set license
Built from '2020.3/staging' branch; Version is '2020.3.8f1 (507919d4fff5) revision 5273881'; Using compiler version '192528614'; Build Type 'Release'
OS: 'Windows 10 Pro Education; OS build 19043.1288; Version 2009; 64bit' Language: 'pt' Physical Memory: 3792 MB
BatchMode: 1, IsHumanControllingUs: 0, StartBugReporterOnCrash: 0, Is64bit: 1, IsPro: 0

 COMMAND LINE ARGUMENTS:
C:\Users\Danie\Documents\Unity Patchs\2020.3.8f1\Editor\Unity.exe
-adb2
-batchMode
-noUpm
-name
AssetImportWorker1
-projectPath
C:/Users/Danie/Documents/GitHub/CSJ-Top-Down
-logFile
Logs/AssetImportWorker1.log
-srvPort
64812
Successfully changed project path to: C:/Users/Danie/Documents/GitHub/CSJ-Top-Down
C:/Users/Danie/Documents/GitHub/CSJ-Top-Down
Using Asset Import Pipeline V2.
Refreshing native plugins compatible for Editor in 242.84 ms, found 1 plugins.
Preloading 0 native plugins for Editor in 0.00 ms.
Initialize engine version: 2020.3.8f1 (507919d4fff5)
[Subsystems] Discovering subsystems at path C:/Users/Danie/Documents/Unity Patchs/2020.3.8f1/Editor/Data/Resources/UnitySubsystems
[Subsystems] Discovering subsystems at path C:/Users/Danie/Documents/GitHub/CSJ-Top-Down/Assets
GfxDevice: creating device client; threaded=0
Direct3D:
    Version:  Direct3D 11.0 [level 11.1]
    Renderer: Intel(R) HD Graphics (ID=0xa06)
    Vendor:   
    VRAM:     1896 MB
    Driver:   20.19.15.5171
Initialize mono
Mono path[0] = 'C:/Users/Danie/Documents/Unity Patchs/2020.3.8f1/Editor/Data/Managed'
Mono path[1] = 'C:/Users/Danie/Documents/Unity Patchs/2020.3.8f1/Editor/Data/MonoBleedingEdge/lib/mono/unityjit'
Mono config path = 'C:/Users/Danie/Documents/Unity Patchs/2020.3.8f1/Editor/Data/MonoBleedingEdge/etc'
Using monoOptions --debugger-agent=transport=dt_socket,embedding=1,server=y,suspend=n,address=127.0.0.1:56128
Begin MonoManager ReloadAssembly
Registering precompiled unity dll's ...
Register platform support module: C:/Users/Danie/Documents/Unity Patchs/2020.3.8f1/Editor/Data/PlaybackEngines/WebGLSupport/UnityEditor.WebGL.Extensions.dll
Register platform support module: C:/Users/Danie/Documents/Unity Patchs/2020.3.8f1/Editor/Data/PlaybackEngines/WindowsStandaloneSupport/UnityEditor.WindowsStandalone.Extensions.dll
Registered in 0.011463 seconds.
Native extension for WindowsStandalone target not found
Native extension for WebGL target not found
Refreshing native plugins compatible for Editor in 272.69 ms, found 1 plugins.
Preloading 0 native plugins for Editor in 0.00 ms.
Mono: successfully reloaded assembly
- Completed reload, in 12.642 seconds
Platform modules already initialized, skipping
Registering precompiled user dll's ...
Registered in 0.009911 seconds.
Begin MonoManager ReloadAssembly
Native extension for WindowsStandalone target not found
Native extension for WebGL target not found
Refreshing native plugins compatible for Editor in 155.01 ms, found 1 plugins.
Preloading 0 native plugins for Editor in 0.00 ms.
Mono: successfully reloaded assembly
- Completed reload, in  4.547 seconds
Platform modules already initialized, skipping
========================================================================
Worker process is ready to serve import requests
Launched and connected shader compiler UnityShaderCompiler.exe after 0.25 seconds
Refreshing native plugins compatible for Editor in 0.86 ms, found 1 plugins.
Preloading 0 native plugins for Editor in 0.00 ms.
Unloading 1961 Unused Serialized files (Serialized files now loaded: 0)
System memory in use before: 90.5 MB.
System memory in use after: 90.4 MB.

Unloading 25 unused Assets to reduce memory usage. Loaded Objects now: 2404.
Total: 5.628300 ms (FindLiveObjects: 0.471200 ms CreateObjectMapping: 0.320700 ms MarkObjects: 4.536200 ms  DeleteObjects: 0.296800 ms)

========================================================================
Received Import Request.
  path: Assets/UI/Dialogue
  artifactKey: Guid(7c4a1f4c0e3183245bd8f42d5029beb8) Importer(815301076,1909f56bfc062723c751e8b465ee728b)
Start importing Assets/UI/Dialogue using Guid(7c4a1f4c0e3183245bd8f42d5029beb8) Importer(815301076,1909f56bfc062723c751e8b465ee728b)  -> (artifact id: '9cada91e71212250cec687351fba0793') in 0.098157 seconds
  Import took 0.110948 seconds .

========================================================================
Received Import Request.
  Time since last request: 0.002432 seconds.
  path: Assets/UI/Dialogue/NPC.PNG
  artifactKey: Guid(1fb933f3c0ecd5a408b6be964cc6a205) Importer(815301076,1909f56bfc062723c751e8b465ee728b)
Start importing Assets/UI/Dialogue/NPC.PNG using Guid(1fb933f3c0ecd5a408b6be964cc6a205) Importer(815301076,1909f56bfc062723c751e8b465ee728b)  -> (artifact id: '83ade01efb7cfac774ccbc72f6dfe2af') in 1.012449 seconds
  Import took 1.022697 seconds .

========================================================================
Received Import Request.
  Time since last request: 0.000999 seconds.
  path: Assets/UI/Dialogue/hud_dialogue.png
  artifactKey: Guid(af4fda82b3479894085450d3187032f3) Importer(815301076,1909f56bfc062723c751e8b465ee728b)
Start importing Assets/UI/Dialogue/hud_dialogue.png using Guid(af4fda82b3479894085450d3187032f3) Importer(815301076,1909f56bfc062723c751e8b465ee728b)  -> (artifact id: '104a9b75bd7cf0921ed0c3c12efeca69') in 0.488804 seconds
  Import took 0.604116 seconds .

========================================================================
Received Import Request.
  Time since last request: 407.124546 seconds.
  path: Assets/Scripts/Dialogue/Dialogue_controller.cs
  artifactKey: Guid(2ab09a97c5f9ce14596579f7d5b8c29f) Importer(815301076,1909f56bfc062723c751e8b465ee728b)
Start importing Assets/Scripts/Dialogue/Dialogue_controller.cs using Guid(2ab09a97c5f9ce14596579f7d5b8c29f) Importer(815301076,1909f56bfc062723c751e8b465ee728b)  -> (artifact id: '982270406366a7c60c2b033bd88d63ac') in 0.294320 seconds
  Import took 0.459097 seconds .

========================================================================
Received Prepare
Registering precompiled user dll's ...
Registered in 0.003395 seconds.
Begin MonoManager ReloadAssembly
Native extension for WindowsStandalone target not found
Native extension for WebGL target not found
Refreshing native plugins compatible for Editor in 1.66 ms, found 1 plugins.
Preloading 0 native plugins for Editor in 0.00 ms.
Mono: successfully reloaded assembly
- Completed reload, in  5.091 seconds
Platform modules already initialized, skipping
Refreshing native plugins compatible for Editor in 1.61 ms, found 1 plugins.
Preloading 0 native plugins for Editor in 0.00 ms.
Unloading 1954 Unused Serialized files (Serialized files now loaded: 0)
System memory in use before: 93.4 MB.
System memory in use after: 93.3 MB.

Unloading 13 unused Assets to reduce memory usage. Loaded Objects now: 2416.
Total: 24.053800 ms (FindLiveObjects: 1.385700 ms CreateObjectMapping: 0.316100 ms MarkObjects: 21.001100 ms  DeleteObjects: 1.346100 ms)

========================================================================
Received Import Request.
  Time since last request: 1226.540419 seconds.
  path: Assets/Scripts/Dialogue/Dialogue_controller.cs
  artifactKey: Guid(2ab09a97c5f9ce14596579f7d5b8c29f) Importer(815301076,1909f56bfc062723c751e8b465ee728b)
Start importing Assets/Scripts/Dialogue/Dialogue_controller.cs using Guid(2ab09a97c5f9ce14596579f7d5b8c29f) Importer(815301076,1909f56bfc062723c751e8b465ee728b)  -> (artifact id: 'a52fa4e340f11ebe2f640a2f99d7ff84') in 0.146336 seconds
  Import took 0.171053 seconds .

========================================================================
Received Import Request.
  Time since last request: 145.427232 seconds.
  path: Assets/Scripts/Dialogue/NPC_1.asset
  artifactKey: Guid(c559e9d6fda2f3844a26a70839f53903) Importer(815301076,1909f56bfc062723c751e8b465ee728b)
Start importing Assets/Scripts/Dialogue/NPC_1.asset using Guid(c559e9d6fda2f3844a26a70839f53903) Importer(815301076,1909f56bfc062723c751e8b465ee728b)  -> (artifact id: 'e0ca6f32d3e3eb17a42820d05a684627') in 4.345767 seconds
  Import took 4.882066 seconds .

========================================================================
Received Prepare
Registering precompiled user dll's ...
Registered in 0.011843 seconds.
Begin MonoManager ReloadAssembly
Native extension for WindowsStandalone target not found
Native extension for WebGL target not found
Refreshing native plugins compatible for Editor in 1.34 ms, found 1 plugins.
Preloading 0 native plugins for Editor in 0.00 ms.
Mono: successfully reloaded assembly
- Completed reload, in  4.967 seconds
Platform modules already initialized, skipping
Refreshing native plugins compatible for Editor in 0.96 ms, found 1 plugins.
Preloading 0 native plugins for Editor in 0.00 ms.
Unloading 1954 Unused Serialized files (Serialized files now loaded: 0)
System memory in use before: 93.4 MB.
System memory in use after: 93.4 MB.

Unloading 13 unused Assets to reduce memory usage. Loaded Objects now: 2420.
Total: 15.730600 ms (FindLiveObjects: 0.804400 ms CreateObjectMapping: 0.544600 ms MarkObjects: 9.362700 ms  DeleteObjects: 5.005000 ms)

========================================================================
Received Prepare
Registering precompiled user dll's ...
Registered in 0.005930 seconds.
Begin MonoManager ReloadAssembly
Native extension for WindowsStandalone target not found
Native extension for WebGL target not found
Refreshing native plugins compatible for Editor in 0.93 ms, found 1 plugins.
Preloading 0 native plugins for Editor in 0.00 ms.
Mono: successfully reloaded assembly
- Completed reload, in  3.014 seconds
Platform modules already initialized, skipping
Refreshing native plugins compatible for Editor in 0.87 ms, found 1 plugins.
Preloading 0 native plugins for Editor in 0.00 ms.
Unloading 1954 Unused Serialized files (Serialized files now loaded: 0)
System memory in use before: 93.4 MB.
System memory in use after: 93.4 MB.

Unloading 13 unused Assets to reduce memory usage. Loaded Objects now: 2424.
Total: 5.815300 ms (FindLiveObjects: 1.007000 ms CreateObjectMapping: 0.290500 ms MarkObjects: 4.265700 ms  DeleteObjects: 0.245900 ms)

========================================================================
Received Import Request.
  Time since last request: 235.690671 seconds.
  path: Assets/Scripts/Dialogue/NPC1.prefab
  artifactKey: Guid(4e26f4c7577f0bf4eb7a780a841d0e6e) Importer(815301076,1909f56bfc062723c751e8b465ee728b)
Start importing Assets/Scripts/Dialogue/NPC1.prefab using Guid(4e26f4c7577f0bf4eb7a780a841d0e6e) Importer(815301076,1909f56bfc062723c751e8b465ee728b)  -> (artifact id: '4f186a43451f6f304028f80a1d45cc27') in 0.403987 seconds
  Import took 0.415993 seconds .

========================================================================
Received Import Request.
  Time since last request: 56.090198 seconds.
  path: Assets/Scripts/Dialogue/NPC1.prefab
  artifactKey: Guid(4e26f4c7577f0bf4eb7a780a841d0e6e) Importer(815301076,1909f56bfc062723c751e8b465ee728b)
Start importing Assets/Scripts/Dialogue/NPC1.prefab using Guid(4e26f4c7577f0bf4eb7a780a841d0e6e) Importer(815301076,1909f56bfc062723c751e8b465ee728b)  -> (artifact id: '0112617a0b4e46376d1ab5cd23b579d3') in 0.282490 seconds
  Import took 0.310995 seconds .

========================================================================
Received Import Request.
  Time since last request: 40.032230 seconds.
  path: Assets/Scripts/Dialogue/NPC_1.asset
  artifactKey: Guid(c559e9d6fda2f3844a26a70839f53903) Importer(815301076,1909f56bfc062723c751e8b465ee728b)
Start importing Assets/Scripts/Dialogue/NPC_1.asset using Guid(c559e9d6fda2f3844a26a70839f53903) Importer(815301076,1909f56bfc062723c751e8b465ee728b)  -> (artifact id: 'a5c94275451999993198806bcf20e642') in 0.128514 seconds
  Import took 0.139371 seconds .

