Using pre-set license
Built from '2021.1/staging' branch; Version is '2021.1.23f1 (b50729e604a9) revision 11863849'; Using compiler version '192528614'; Build Type 'Release'
OS: 'Windows 10 Pro Education; OS build 19043.1415; Version 2009; 64bit' Language: 'pt' Physical Memory: 3792 MB
BatchMode: 1, IsHumanControllingUs: 0, StartBugReporterOnCrash: 0, Is64bit: 1, IsPro: 0

COMMAND LINE ARGUMENTS:
C:\Users\Danie\Documents\Unity Patchs\2021.1.23f1\Editor\Unity.exe
-adb2
-batchMode
-noUpm
-name
AssetImportWorker9
-projectPath
C:/Users/Danie/Documents/GitHub/CSJ-Top-Down
-logFile
Logs/AssetImportWorker9.log
-srvPort
59624
Successfully changed project path to: C:/Users/Danie/Documents/GitHub/CSJ-Top-Down
C:/Users/Danie/Documents/GitHub/CSJ-Top-Down
Using Asset Import Pipeline V2.
Refreshing native plugins compatible for Editor in 205.58 ms, found 3 plugins.
Preloading 0 native plugins for Editor in 0.00 ms.
Initialize engine version: 2021.1.23f1 (b50729e604a9)
[Subsystems] Discovering subsystems at path C:/Users/Danie/Documents/Unity Patchs/2021.1.23f1/Editor/Data/Resources/UnitySubsystems
[Subsystems] Discovering subsystems at path C:/Users/Danie/Documents/GitHub/CSJ-Top-Down/Assets
GfxDevice: creating device client; threaded=0; jobified=0
Direct3D:
    Version:  Direct3D 11.0 [level 11.1]
    Renderer: Intel(R) HD Graphics (ID=0xa06)
    Vendor:   Intel
    VRAM:     1896 MB
    Driver:   20.19.15.5171
Initialize mono
Mono path[0] = 'C:/Users/Danie/Documents/Unity Patchs/2021.1.23f1/Editor/Data/Managed'
Mono path[1] = 'C:/Users/Danie/Documents/Unity Patchs/2021.1.23f1/Editor/Data/MonoBleedingEdge/lib/mono/unityjit'
Mono config path = 'C:/Users/Danie/Documents/Unity Patchs/2021.1.23f1/Editor/Data/MonoBleedingEdge/etc'
Using monoOptions --debugger-agent=transport=dt_socket,embedding=1,server=y,suspend=n,address=127.0.0.1:56744
Begin MonoManager ReloadAssembly
