Using pre-set license
Built from '2020.3/staging' branch; Version is '2020.3.8f1 (507919d4fff5) revision 5273881'; Using compiler version '192528614'; Build Type 'Release'
OS: 'Windows 10 Pro Education; OS build 19043.1288; Version 2009; 64bit' Language: 'pt' Physical Memory: 3792 MB
BatchMode: 1, IsHumanControllingUs: 0, StartBugReporterOnCrash: 0, Is64bit: 1, IsPro: 0

 COMMAND LINE ARGUMENTS:
C:\Users\Danie\Documents\Unity Patchs\2020.3.8f1\Editor\Unity.exe
-adb2
-batchMode
-noUpm
-name
AssetImportWorker0
-projectPath
C:/Users/Danie/Documents/GitHub/CSJ-Top-Down
-logFile
Logs/AssetImportWorker0.log
-srvPort
56969
Successfully changed project path to: C:/Users/Danie/Documents/GitHub/CSJ-Top-Down
C:/Users/Danie/Documents/GitHub/CSJ-Top-Down
Using Asset Import Pipeline V2.
Refreshing native plugins compatible for Editor in 147.77 ms, found 1 plugins.
Preloading 0 native plugins for Editor in 0.00 ms.
Initialize engine version: 2020.3.8f1 (507919d4fff5)
[Subsystems] Discovering subsystems at path C:/Users/Danie/Documents/Unity Patchs/2020.3.8f1/Editor/Data/Resources/UnitySubsystems
[Subsystems] Discovering subsystems at path C:/Users/Danie/Documents/GitHub/CSJ-Top-Down/Assets
GfxDevice: creating device client; threaded=0
Direct3D:
    Version:  Direct3D 11.0 [level 11.1]
    Renderer: Intel(R) HD Graphics (ID=0xa06)
    Vendor:   
    VRAM:     1896 MB
    Driver:   20.19.15.5171
Initialize mono
Mono path[0] = 'C:/Users/Danie/Documents/Unity Patchs/2020.3.8f1/Editor/Data/Managed'
Mono path[1] = 'C:/Users/Danie/Documents/Unity Patchs/2020.3.8f1/Editor/Data/MonoBleedingEdge/lib/mono/unityjit'
Mono config path = 'C:/Users/Danie/Documents/Unity Patchs/2020.3.8f1/Editor/Data/MonoBleedingEdge/etc'
Using monoOptions --debugger-agent=transport=dt_socket,embedding=1,server=y,suspend=n,address=127.0.0.1:56204
Begin MonoManager ReloadAssembly
Registering precompiled unity dll's ...
Register platform support module: C:/Users/Danie/Documents/Unity Patchs/2020.3.8f1/Editor/Data/PlaybackEngines/WebGLSupport/UnityEditor.WebGL.Extensions.dll
Register platform support module: C:/Users/Danie/Documents/Unity Patchs/2020.3.8f1/Editor/Data/PlaybackEngines/WindowsStandaloneSupport/UnityEditor.WindowsStandalone.Extensions.dll
Registered in 0.012490 seconds.
Native extension for WindowsStandalone target not found
Native extension for WebGL target not found
Refreshing native plugins compatible for Editor in 130.55 ms, found 1 plugins.
Preloading 0 native plugins for Editor in 0.00 ms.
Mono: successfully reloaded assembly
- Completed reload, in 13.045 seconds
Platform modules already initialized, skipping
Registering precompiled user dll's ...
Registered in 0.005876 seconds.
Begin MonoManager ReloadAssembly
Native extension for WindowsStandalone target not found
Native extension for WebGL target not found
Refreshing native plugins compatible for Editor in 622.11 ms, found 1 plugins.
Preloading 0 native plugins for Editor in 0.00 ms.
Mono: successfully reloaded assembly
- Completed reload, in  6.296 seconds
Platform modules already initialized, skipping
========================================================================
Worker process is ready to serve import requests
Launched and connected shader compiler UnityShaderCompiler.exe after 0.25 seconds
Refreshing native plugins compatible for Editor in 0.88 ms, found 1 plugins.
Preloading 0 native plugins for Editor in 0.00 ms.
Unloading 1808 Unused Serialized files (Serialized files now loaded: 0)
System memory in use before: 85.2 MB.
System memory in use after: 85.1 MB.

Unloading 24 unused Assets to reduce memory usage. Loaded Objects now: 2250.
Total: 5.360700 ms (FindLiveObjects: 0.365700 ms CreateObjectMapping: 0.297800 ms MarkObjects: 4.392900 ms  DeleteObjects: 0.301200 ms)

========================================================================
Received Import Request.
  path: Assets/Sprites/CHARACTERS/ANIMATION/BASE CHARACTER/PNG/NO_FX/spr_death_strip13.png
  artifactKey: Guid(18b1689240cb83d408aae89b0b826fec) Importer(815301076,1909f56bfc062723c751e8b465ee728b)
Start importing Assets/Sprites/CHARACTERS/ANIMATION/BASE CHARACTER/PNG/NO_FX/spr_death_strip13.png using Guid(18b1689240cb83d408aae89b0b826fec) Importer(815301076,1909f56bfc062723c751e8b465ee728b)  -> (artifact id: 'df2348a69da046f4b765c40399cb3b94') in 0.674884 seconds
  Import took 0.688225 seconds .

========================================================================
Received Import Request.
  Time since last request: 0.001310 seconds.
  path: Assets/Sprites/CHARACTERS/ANIMATION/BASE CHARACTER/PNG/NO_FX/spr_hammering_strip23.png
  artifactKey: Guid(de93c695b54cd784b9bd3c96c6e751a3) Importer(815301076,1909f56bfc062723c751e8b465ee728b)
Start importing Assets/Sprites/CHARACTERS/ANIMATION/BASE CHARACTER/PNG/NO_FX/spr_hammering_strip23.png using Guid(de93c695b54cd784b9bd3c96c6e751a3) Importer(815301076,1909f56bfc062723c751e8b465ee728b)  -> (artifact id: 'fc0be67c6e16a0658e8718f6ae1492cb') in 0.164382 seconds
  Import took 0.185657 seconds .

========================================================================
Received Import Request.
  Time since last request: 0.000991 seconds.
  path: Assets/Sprites/CHARACTERS/ANIMATION/BASE CHARACTER/PNG/NO_FX/spr_run_strip8.png
  artifactKey: Guid(e51baafafc0585445abc561e152da7fa) Importer(815301076,1909f56bfc062723c751e8b465ee728b)
Start importing Assets/Sprites/CHARACTERS/ANIMATION/BASE CHARACTER/PNG/NO_FX/spr_run_strip8.png using Guid(e51baafafc0585445abc561e152da7fa) Importer(815301076,1909f56bfc062723c751e8b465ee728b)  -> (artifact id: 'a88c2bf0053b67e5300d7efd13c22630') in 0.158237 seconds
  Import took 0.181019 seconds .

========================================================================
Received Import Request.
  Time since last request: 0.000829 seconds.
  path: Assets/Sprites/CHARACTERS/ANIMATION/BASE CHARACTER/PNG/NO_FX
  artifactKey: Guid(d36e15c12126de14786b6a46aa9b2848) Importer(815301076,1909f56bfc062723c751e8b465ee728b)
Start importing Assets/Sprites/CHARACTERS/ANIMATION/BASE CHARACTER/PNG/NO_FX using Guid(d36e15c12126de14786b6a46aa9b2848) Importer(815301076,1909f56bfc062723c751e8b465ee728b)  -> (artifact id: 'a2ea2d8ae8da7a90d4b3535fc7939253') in 0.090024 seconds
  Import took 0.099898 seconds .

========================================================================
Received Import Request.
  Time since last request: 0.001061 seconds.
  path: Assets/Sprites/CHARACTERS/ANIMATION/BASE CHARACTER/PNG/NO_FX/spr_reeling_strip13.png
  artifactKey: Guid(c30db58a401b8f74c8db6163174d33ff) Importer(815301076,1909f56bfc062723c751e8b465ee728b)
Start importing Assets/Sprites/CHARACTERS/ANIMATION/BASE CHARACTER/PNG/NO_FX/spr_reeling_strip13.png using Guid(c30db58a401b8f74c8db6163174d33ff) Importer(815301076,1909f56bfc062723c751e8b465ee728b)  -> (artifact id: 'da152d0da44f833725737d9920a37f38') in 0.213739 seconds
  Import took 0.245624 seconds .

========================================================================
Received Import Request.
  Time since last request: 0.000898 seconds.
  path: Assets/Sprites/CHARACTERS/ANIMATION/BASE CHARACTER
  artifactKey: Guid(4e063071976203040bed226b33e0cab7) Importer(815301076,1909f56bfc062723c751e8b465ee728b)
Start importing Assets/Sprites/CHARACTERS/ANIMATION/BASE CHARACTER using Guid(4e063071976203040bed226b33e0cab7) Importer(815301076,1909f56bfc062723c751e8b465ee728b)  -> (artifact id: 'eb0e89e3bcceb3860cc281ff9797c296') in 0.115674 seconds
  Import took 0.138965 seconds .

========================================================================
Received Import Request.
  Time since last request: 0.011947 seconds.
  path: Assets/Sprites/CHARACTERS/ANIMATION/BASE CHARACTER/PNG/NO_FX/spr_caught_strip10.png
  artifactKey: Guid(1cb77ca23b08a7f45aace88351d3b3d7) Importer(815301076,1909f56bfc062723c751e8b465ee728b)
Start importing Assets/Sprites/CHARACTERS/ANIMATION/BASE CHARACTER/PNG/NO_FX/spr_caught_strip10.png using Guid(1cb77ca23b08a7f45aace88351d3b3d7) Importer(815301076,1909f56bfc062723c751e8b465ee728b)  -> (artifact id: '50e49fdb3d0fed452bc2f33fa944a4ff') in 0.173841 seconds
  Import took 0.194984 seconds .

========================================================================
Received Import Request.
  Time since last request: 0.015616 seconds.
  path: Assets/Sprites/CHARACTERS/ANIMATION/BASE CHARACTER/PNG/NO_FX/spr_jump_strip9.png
  artifactKey: Guid(f31e3a2b9a77c0d45bb41a1ee62fb4c7) Importer(815301076,1909f56bfc062723c751e8b465ee728b)
Start importing Assets/Sprites/CHARACTERS/ANIMATION/BASE CHARACTER/PNG/NO_FX/spr_jump_strip9.png using Guid(f31e3a2b9a77c0d45bb41a1ee62fb4c7) Importer(815301076,1909f56bfc062723c751e8b465ee728b)  -> (artifact id: 'a798d2c8d772a842e27b25ca97015af6') in 0.163188 seconds
  Import took 0.188777 seconds .

========================================================================
Received Import Request.
  Time since last request: 0.001803 seconds.
  path: Assets/Sprites/CHARACTERS/ANIMATION/BASE CHARACTER/PNG/NO_FX/spr_casting_strip15.png
  artifactKey: Guid(3588eb5ba68092b45873d0aaf7507efa) Importer(815301076,1909f56bfc062723c751e8b465ee728b)
Start importing Assets/Sprites/CHARACTERS/ANIMATION/BASE CHARACTER/PNG/NO_FX/spr_casting_strip15.png using Guid(3588eb5ba68092b45873d0aaf7507efa) Importer(815301076,1909f56bfc062723c751e8b465ee728b)  -> (artifact id: 'ce2c1a199ed36a836d6fe51c2700e8c7') in 0.188195 seconds
  Import took 0.200222 seconds .

========================================================================
Received Import Request.
  Time since last request: 0.001854 seconds.
  path: Assets/Sprites/CHARACTERS/ANIMATION/BASE CHARACTER/PNG/NO_FX/spr_waiting_strip9.png
  artifactKey: Guid(d4e9ac0e09d6b1e48b5f4530ddf6ee1d) Importer(815301076,1909f56bfc062723c751e8b465ee728b)
Start importing Assets/Sprites/CHARACTERS/ANIMATION/BASE CHARACTER/PNG/NO_FX/spr_waiting_strip9.png using Guid(d4e9ac0e09d6b1e48b5f4530ddf6ee1d) Importer(815301076,1909f56bfc062723c751e8b465ee728b)  -> (artifact id: '7aa2d31d89688ffaa48331f2783cc481') in 0.169179 seconds
  Import took 0.187247 seconds .

========================================================================
Received Import Request.
  Time since last request: 0.001426 seconds.
  path: Assets/Sprites/CHARACTERS
  artifactKey: Guid(5044dc075d78c74468893a14b25b2faf) Importer(815301076,1909f56bfc062723c751e8b465ee728b)
Start importing Assets/Sprites/CHARACTERS using Guid(5044dc075d78c74468893a14b25b2faf) Importer(815301076,1909f56bfc062723c751e8b465ee728b)  -> (artifact id: 'ba95e5c9e1dc82dbdc70f23e80be003f') in 0.097546 seconds
  Import took 0.153625 seconds .

========================================================================
Received Import Request.
  Time since last request: 0.000509 seconds.
  path: Assets/Sprites/CHARACTERS/ANIMATION/BASE CHARACTER/PNG
  artifactKey: Guid(7ab826b2ccf3e8947879822bf9449728) Importer(815301076,1909f56bfc062723c751e8b465ee728b)
Start importing Assets/Sprites/CHARACTERS/ANIMATION/BASE CHARACTER/PNG using Guid(7ab826b2ccf3e8947879822bf9449728) Importer(815301076,1909f56bfc062723c751e8b465ee728b)  -> (artifact id: 'a5936abbba22229c043e81be9944bbe2') in 0.139661 seconds
  Import took 0.170005 seconds .

========================================================================
Received Import Request.
  Time since last request: 0.000891 seconds.
  path: Assets/Sprites/CHARACTERS/ANIMATION/BASE CHARACTER/PNG/NO_FX/spr_roll_strip10.png
  artifactKey: Guid(4a760de23bf74af478453c62bc6e3d3f) Importer(815301076,1909f56bfc062723c751e8b465ee728b)
Start importing Assets/Sprites/CHARACTERS/ANIMATION/BASE CHARACTER/PNG/NO_FX/spr_roll_strip10.png using Guid(4a760de23bf74af478453c62bc6e3d3f) Importer(815301076,1909f56bfc062723c751e8b465ee728b)  -> (artifact id: '602daabecdd8f48d3430393774e20541') in 0.151391 seconds
  Import took 0.162388 seconds .

========================================================================
Received Import Request.
  Time since last request: 0.004542 seconds.
  path: Assets/Sprites/CHARACTERS/ANIMATION
  artifactKey: Guid(85876a3a00c14754884497a6b9597802) Importer(815301076,1909f56bfc062723c751e8b465ee728b)
Start importing Assets/Sprites/CHARACTERS/ANIMATION using Guid(85876a3a00c14754884497a6b9597802) Importer(815301076,1909f56bfc062723c751e8b465ee728b)  -> (artifact id: '740fd312ba14459ab649020ebaf3564d') in 0.134296 seconds
  Import took 0.160273 seconds .

========================================================================
Received Import Request.
  Time since last request: 68.058625 seconds.
  path: Assets/Sprites/CHARACTERS/ANIMATION/BASE CHARACTER/PNG/WITH_FX
  artifactKey: Guid(7df103bfece7b6f4bb25a22b8c16880e) Importer(815301076,1909f56bfc062723c751e8b465ee728b)
Start importing Assets/Sprites/CHARACTERS/ANIMATION/BASE CHARACTER/PNG/WITH_FX using Guid(7df103bfece7b6f4bb25a22b8c16880e) Importer(815301076,1909f56bfc062723c751e8b465ee728b)  -> (artifact id: '811f0efd16166da7d3c49abd78ec5b20') in 0.093387 seconds
  Import took 0.102119 seconds .

========================================================================
Received Import Request.
  Time since last request: 0.001222 seconds.
  path: Assets/Sprites/CHARACTERS/ANIMATION/BASE CHARACTER/PNG/WITH_FX/spr_hammering_strip23.png
  artifactKey: Guid(3fa8e327b1b807148ad0bb10aa06aea4) Importer(815301076,1909f56bfc062723c751e8b465ee728b)
Start importing Assets/Sprites/CHARACTERS/ANIMATION/BASE CHARACTER/PNG/WITH_FX/spr_hammering_strip23.png using Guid(3fa8e327b1b807148ad0bb10aa06aea4) Importer(815301076,1909f56bfc062723c751e8b465ee728b)  -> (artifact id: 'da4741b0dc4c775df67b444e6a1d46d9') in 0.157710 seconds
  Import took 0.164708 seconds .

========================================================================
Received Import Request.
  Time since last request: 0.000869 seconds.
  path: Assets/Sprites/CHARACTERS/ANIMATION/BASE CHARACTER/PNG/WITH_FX/spr_carry_strip8.png
  artifactKey: Guid(7b0d6c2ae751fed409ac0b78b848a3f9) Importer(815301076,1909f56bfc062723c751e8b465ee728b)
Start importing Assets/Sprites/CHARACTERS/ANIMATION/BASE CHARACTER/PNG/WITH_FX/spr_carry_strip8.png using Guid(7b0d6c2ae751fed409ac0b78b848a3f9) Importer(815301076,1909f56bfc062723c751e8b465ee728b)  -> (artifact id: '97aeb222cd5e02f32bc09f63e1456b60') in 0.186129 seconds
  Import took 0.194230 seconds .

========================================================================
Received Import Request.
  Time since last request: 0.000838 seconds.
  path: Assets/Sprites/CHARACTERS/ANIMATION/BASE CHARACTER/PNG/WITH_FX/spr_dig_strip13.png
  artifactKey: Guid(3bea85bdf41c86645a082108696d4198) Importer(815301076,1909f56bfc062723c751e8b465ee728b)
Start importing Assets/Sprites/CHARACTERS/ANIMATION/BASE CHARACTER/PNG/WITH_FX/spr_dig_strip13.png using Guid(3bea85bdf41c86645a082108696d4198) Importer(815301076,1909f56bfc062723c751e8b465ee728b)  -> (artifact id: '612cef48f9177ea783de55179e2f7a4d') in 0.148055 seconds
  Import took 0.156166 seconds .

========================================================================
Received Import Request.
  Time since last request: 0.000888 seconds.
  path: Assets/Sprites/CHARACTERS/ANIMATION/BASE CHARACTER/PNG/WITH_FX/spr_hurt_strip8.png
  artifactKey: Guid(c2346aa40ddce294eb04be7d294572a3) Importer(815301076,1909f56bfc062723c751e8b465ee728b)
Start importing Assets/Sprites/CHARACTERS/ANIMATION/BASE CHARACTER/PNG/WITH_FX/spr_hurt_strip8.png using Guid(c2346aa40ddce294eb04be7d294572a3) Importer(815301076,1909f56bfc062723c751e8b465ee728b)  -> (artifact id: '2e847382e6c110051a9646afd591cdb6') in 0.154755 seconds
  Import took 0.162707 seconds .

========================================================================
Received Import Request.
  Time since last request: 0.000932 seconds.
  path: Assets/Sprites/CHARACTERS/ANIMATION/BASE CHARACTER/PNG/WITH_FX/spr_death_strip13.png
  artifactKey: Guid(5ca10f4c3b94a4043a93416424f9b93f) Importer(815301076,1909f56bfc062723c751e8b465ee728b)
Start importing Assets/Sprites/CHARACTERS/ANIMATION/BASE CHARACTER/PNG/WITH_FX/spr_death_strip13.png using Guid(5ca10f4c3b94a4043a93416424f9b93f) Importer(815301076,1909f56bfc062723c751e8b465ee728b)  -> (artifact id: '2990cad068f6881c8520a7557e4df1ec') in 0.142697 seconds
  Import took 0.151723 seconds .

========================================================================
Received Import Request.
  Time since last request: 0.000940 seconds.
  path: Assets/Sprites/CHARACTERS/ANIMATION/BASE CHARACTER/PNG/WITH_FX/spr_axe_strip10.png
  artifactKey: Guid(57cdfffd2dde8014ea1b51232368e197) Importer(815301076,1909f56bfc062723c751e8b465ee728b)
Start importing Assets/Sprites/CHARACTERS/ANIMATION/BASE CHARACTER/PNG/WITH_FX/spr_axe_strip10.png using Guid(57cdfffd2dde8014ea1b51232368e197) Importer(815301076,1909f56bfc062723c751e8b465ee728b)  -> (artifact id: '612c9eb33c74a28854d7b0aceb47c721') in 0.137251 seconds
  Import took 0.177259 seconds .

========================================================================
Received Import Request.
  Time since last request: 0.000861 seconds.
  path: Assets/Sprites/CHARACTERS/ANIMATION/BASE CHARACTER/PNG/WITH_FX/spr_caught_strip10.png
  artifactKey: Guid(48f3a825bb9d3af4ea820d69ba8f5421) Importer(815301076,1909f56bfc062723c751e8b465ee728b)
Start importing Assets/Sprites/CHARACTERS/ANIMATION/BASE CHARACTER/PNG/WITH_FX/spr_caught_strip10.png using Guid(48f3a825bb9d3af4ea820d69ba8f5421) Importer(815301076,1909f56bfc062723c751e8b465ee728b)  -> (artifact id: '5835d696e5c75e189589ce2690cf6b98') in 0.197897 seconds
  Import took 0.208895 seconds .

========================================================================
Received Import Request.
  Time since last request: 0.001079 seconds.
  path: Assets/Sprites/CHARACTERS/ANIMATION/BASE CHARACTER/PNG/WITH_FX/spr_doing_strip8.png
  artifactKey: Guid(6b61b4db23ce22342ab9abcc9f0d0e3b) Importer(815301076,1909f56bfc062723c751e8b465ee728b)
Start importing Assets/Sprites/CHARACTERS/ANIMATION/BASE CHARACTER/PNG/WITH_FX/spr_doing_strip8.png using Guid(6b61b4db23ce22342ab9abcc9f0d0e3b) Importer(815301076,1909f56bfc062723c751e8b465ee728b)  -> (artifact id: '628229482cbfb558a750d6cfc861c9b3') in 0.170265 seconds
  Import took 0.179283 seconds .

========================================================================
Received Import Request.
  Time since last request: 0.000425 seconds.
  path: Assets/Sprites/CHARACTERS/ANIMATION/BASE CHARACTER/PNG/WITH_FX/spr_casting_strip15.png
  artifactKey: Guid(365501c5810ad2e4fb0adc28bf4703d2) Importer(815301076,1909f56bfc062723c751e8b465ee728b)
Start importing Assets/Sprites/CHARACTERS/ANIMATION/BASE CHARACTER/PNG/WITH_FX/spr_casting_strip15.png using Guid(365501c5810ad2e4fb0adc28bf4703d2) Importer(815301076,1909f56bfc062723c751e8b465ee728b)  -> (artifact id: 'b1d4b4a42282a13b709be0e7702ff0d1') in 0.338972 seconds
  Import took 0.357407 seconds .

========================================================================
Received Import Request.
  Time since last request: 861.848160 seconds.
  path: Assets/Sprites/CHARACTERS/ANIMATION/BASE CHARACTER/PNG/WITH_FX/spr_idle_strip9.png
  artifactKey: Guid(792abc86b943d8544bbd417ebb9a577f) Importer(815301076,1909f56bfc062723c751e8b465ee728b)
Start importing Assets/Sprites/CHARACTERS/ANIMATION/BASE CHARACTER/PNG/WITH_FX/spr_idle_strip9.png using Guid(792abc86b943d8544bbd417ebb9a577f) Importer(815301076,1909f56bfc062723c751e8b465ee728b)  -> (artifact id: 'b1f4271ba8f127f02375137c32ce44f1') in 0.387921 seconds
  Import took 0.576775 seconds .

========================================================================
Received Import Request.
  Time since last request: 0.001074 seconds.
  path: Assets/Sprites/CHARACTERS/ANIMATION/BASE CHARACTER/PNG/WITH_FX/spr_jump_strip9.png
  artifactKey: Guid(84cba5e3277898143b93c0d5dfa06739) Importer(815301076,1909f56bfc062723c751e8b465ee728b)
Start importing Assets/Sprites/CHARACTERS/ANIMATION/BASE CHARACTER/PNG/WITH_FX/spr_jump_strip9.png using Guid(84cba5e3277898143b93c0d5dfa06739) Importer(815301076,1909f56bfc062723c751e8b465ee728b)  -> (artifact id: '0591c254dba23d2cb61d8711063bc3e1') in 0.266668 seconds
  Import took 0.276738 seconds .

========================================================================
Received Import Request.
  Time since last request: 0.000499 seconds.
  path: Assets/Sprites/CHARACTERS/ANIMATION/BASE CHARACTER/PNG/WITH_FX/spr_run_strip8.png
  artifactKey: Guid(360f35862fd63a242a42bf3f2997c7a0) Importer(815301076,1909f56bfc062723c751e8b465ee728b)
Start importing Assets/Sprites/CHARACTERS/ANIMATION/BASE CHARACTER/PNG/WITH_FX/spr_run_strip8.png using Guid(360f35862fd63a242a42bf3f2997c7a0) Importer(815301076,1909f56bfc062723c751e8b465ee728b)  -> (artifact id: '311d5aa3478ff48a4411f7a6a3f65920') in 0.213661 seconds
  Import took 0.257833 seconds .

========================================================================
Received Import Request.
  Time since last request: 0.000951 seconds.
  path: Assets/Sprites/CHARACTERS/ANIMATION/BASE CHARACTER/PNG/WITH_FX/spr_sword_strip10.png
  artifactKey: Guid(85ba7a8b9cd92ae4980bed85fa5a5570) Importer(815301076,1909f56bfc062723c751e8b465ee728b)
Start importing Assets/Sprites/CHARACTERS/ANIMATION/BASE CHARACTER/PNG/WITH_FX/spr_sword_strip10.png using Guid(85ba7a8b9cd92ae4980bed85fa5a5570) Importer(815301076,1909f56bfc062723c751e8b465ee728b)  -> (artifact id: '17ef6fca608aa0c2202dcd5fa4a8598e') in 1.169120 seconds
  Import took 1.185244 seconds .

========================================================================
Received Import Request.
  Time since last request: 0.001090 seconds.
  path: Assets/Sprites/CHARACTERS/ANIMATION/BASE CHARACTER/PNG/WITH_FX/spr_mining_strip10.png
  artifactKey: Guid(4de2d035c9c4c1c479ccbab36780b0e5) Importer(815301076,1909f56bfc062723c751e8b465ee728b)
Start importing Assets/Sprites/CHARACTERS/ANIMATION/BASE CHARACTER/PNG/WITH_FX/spr_mining_strip10.png using Guid(4de2d035c9c4c1c479ccbab36780b0e5) Importer(815301076,1909f56bfc062723c751e8b465ee728b)  -> (artifact id: 'f67531a8599e401557bd4dc7f2947ebf') in 0.263903 seconds
  Import took 0.276144 seconds .

========================================================================
Received Import Request.
  Time since last request: 0.002676 seconds.
  path: Assets/Sprites/CHARACTERS/ANIMATION/BASE CHARACTER/PNG/WITH_FX/spr_swimming_strip12.png
  artifactKey: Guid(aec5fdb764e887042a7240b391ebd1ee) Importer(815301076,1909f56bfc062723c751e8b465ee728b)
Start importing Assets/Sprites/CHARACTERS/ANIMATION/BASE CHARACTER/PNG/WITH_FX/spr_swimming_strip12.png using Guid(aec5fdb764e887042a7240b391ebd1ee) Importer(815301076,1909f56bfc062723c751e8b465ee728b)  -> (artifact id: '29c794d703a9e8dc332236b40a98eee2') in 0.182114 seconds
  Import took 0.195958 seconds .

========================================================================
Received Import Request.
  Time since last request: 0.000886 seconds.
  path: Assets/Sprites/CHARACTERS/ANIMATION/BASE CHARACTER/PNG/WITH_FX/spr_waiting_strip9.png
  artifactKey: Guid(79fc63703d65b9a40b1afe0a1dc04cc6) Importer(815301076,1909f56bfc062723c751e8b465ee728b)
Start importing Assets/Sprites/CHARACTERS/ANIMATION/BASE CHARACTER/PNG/WITH_FX/spr_waiting_strip9.png using Guid(79fc63703d65b9a40b1afe0a1dc04cc6) Importer(815301076,1909f56bfc062723c751e8b465ee728b)  -> (artifact id: 'a279aa61472912ca74fe5a361f07b6bc') in 0.372215 seconds
  Import took 0.423293 seconds .

========================================================================
Received Import Request.
  Time since last request: 0.000695 seconds.
  path: Assets/Sprites/CHARACTERS/ANIMATION/BASE CHARACTER/PNG/WITH_FX/spr_roll_strip10.png
  artifactKey: Guid(aab85fcc04418b543a2096c300f1dc91) Importer(815301076,1909f56bfc062723c751e8b465ee728b)
Start importing Assets/Sprites/CHARACTERS/ANIMATION/BASE CHARACTER/PNG/WITH_FX/spr_roll_strip10.png using Guid(aab85fcc04418b543a2096c300f1dc91) Importer(815301076,1909f56bfc062723c751e8b465ee728b)  -> (artifact id: 'e99bcecf9222ed60f094cb7e0eca3505') in 0.364746 seconds
  Import took 0.375893 seconds .

========================================================================
Received Import Request.
  Time since last request: 0.014268 seconds.
  path: Assets/Sprites/CHARACTERS/ANIMATION/BASE CHARACTER/PNG/WITH_FX/spr_reeling_strip13.png
  artifactKey: Guid(40a45a7d4e46b7549929a73e3ff8550e) Importer(815301076,1909f56bfc062723c751e8b465ee728b)
Start importing Assets/Sprites/CHARACTERS/ANIMATION/BASE CHARACTER/PNG/WITH_FX/spr_reeling_strip13.png using Guid(40a45a7d4e46b7549929a73e3ff8550e) Importer(815301076,1909f56bfc062723c751e8b465ee728b)  -> (artifact id: '808df2c4fcea496398c6caa76d5e0241') in 0.213398 seconds
  Import took 0.232169 seconds .

========================================================================
Received Import Request.
  Time since last request: 0.000908 seconds.
  path: Assets/Sprites/CHARACTERS/ANIMATION/BASE CHARACTER/PNG/WITH_FX/spr_watering_strip5.png
  artifactKey: Guid(2cbbb4a1a38ba3644bafacc32870a3be) Importer(815301076,1909f56bfc062723c751e8b465ee728b)
Start importing Assets/Sprites/CHARACTERS/ANIMATION/BASE CHARACTER/PNG/WITH_FX/spr_watering_strip5.png using Guid(2cbbb4a1a38ba3644bafacc32870a3be) Importer(815301076,1909f56bfc062723c751e8b465ee728b)  -> (artifact id: 'db69d910d246d8ca814722f904d49245') in 0.444761 seconds
  Import took 0.460514 seconds .

========================================================================
Received Import Request.
  Time since last request: 0.005760 seconds.
  path: Assets/Sprites/CHARACTERS/ANIMATION/BASE CHARACTER/PNG/WITH_FX/spr_walking_strip8.png
  artifactKey: Guid(42f8274f81183e7499dd7dc5f9e7d738) Importer(815301076,1909f56bfc062723c751e8b465ee728b)
Start importing Assets/Sprites/CHARACTERS/ANIMATION/BASE CHARACTER/PNG/WITH_FX/spr_walking_strip8.png using Guid(42f8274f81183e7499dd7dc5f9e7d738) Importer(815301076,1909f56bfc062723c751e8b465ee728b)  -> (artifact id: 'bc86c30797285296c7f7d4783d6cd68b') in 0.340565 seconds
  Import took 0.400692 seconds .

========================================================================
Received Import Request.
  Time since last request: 43.900594 seconds.
  path: Assets/Sprites/CHARACTERS/ANIMATION/BASE CHARACTER/PNG/WITH_FX/spr_reeling_strip13.png
  artifactKey: Guid(40a45a7d4e46b7549929a73e3ff8550e) Importer(815301076,1909f56bfc062723c751e8b465ee728b)
Start importing Assets/Sprites/CHARACTERS/ANIMATION/BASE CHARACTER/PNG/WITH_FX/spr_reeling_strip13.png using Guid(40a45a7d4e46b7549929a73e3ff8550e) Importer(815301076,1909f56bfc062723c751e8b465ee728b)  -> (artifact id: '6a23ce76bd3ac94a351f4cb17c0dc50e') in 0.104350 seconds
  Import took 0.211256 seconds .

========================================================================
Received Import Request.
  Time since last request: 0.000540 seconds.
  path: Assets/Sprites/CHARACTERS/ANIMATION/BASE CHARACTER/PNG/WITH_FX/spr_run_strip8.png
  artifactKey: Guid(360f35862fd63a242a42bf3f2997c7a0) Importer(815301076,1909f56bfc062723c751e8b465ee728b)
Start importing Assets/Sprites/CHARACTERS/ANIMATION/BASE CHARACTER/PNG/WITH_FX/spr_run_strip8.png using Guid(360f35862fd63a242a42bf3f2997c7a0) Importer(815301076,1909f56bfc062723c751e8b465ee728b)  -> (artifact id: '931a0224afd5651761c9426c7a851f9a') in 0.225535 seconds
  Import took 0.243058 seconds .

========================================================================
Received Import Request.
  Time since last request: 0.000769 seconds.
  path: Assets/Sprites/CHARACTERS/ANIMATION/BASE CHARACTER/PNG/WITH_FX/spr_sword_strip10.png
  artifactKey: Guid(85ba7a8b9cd92ae4980bed85fa5a5570) Importer(815301076,1909f56bfc062723c751e8b465ee728b)
Start importing Assets/Sprites/CHARACTERS/ANIMATION/BASE CHARACTER/PNG/WITH_FX/spr_sword_strip10.png using Guid(85ba7a8b9cd92ae4980bed85fa5a5570) Importer(815301076,1909f56bfc062723c751e8b465ee728b)  -> (artifact id: '926801560798642b0c1a8051cd5d24fd') in 0.214987 seconds
  Import took 0.224630 seconds .

========================================================================
Received Import Request.
  Time since last request: 0.004465 seconds.
  path: Assets/Sprites/CHARACTERS/ANIMATION/BASE CHARACTER/PNG/WITH_FX/spr_swimming_strip12.png
  artifactKey: Guid(aec5fdb764e887042a7240b391ebd1ee) Importer(815301076,1909f56bfc062723c751e8b465ee728b)
Start importing Assets/Sprites/CHARACTERS/ANIMATION/BASE CHARACTER/PNG/WITH_FX/spr_swimming_strip12.png using Guid(aec5fdb764e887042a7240b391ebd1ee) Importer(815301076,1909f56bfc062723c751e8b465ee728b)  -> (artifact id: '82d45046d6656b0ce2c38aa1776c1d04') in 0.180759 seconds
  Import took 0.195662 seconds .

========================================================================
Received Import Request.
  Time since last request: 0.000496 seconds.
  path: Assets/Sprites/CHARACTERS/ANIMATION/BASE CHARACTER/PNG/WITH_FX/spr_waiting_strip9.png
  artifactKey: Guid(79fc63703d65b9a40b1afe0a1dc04cc6) Importer(815301076,1909f56bfc062723c751e8b465ee728b)
Start importing Assets/Sprites/CHARACTERS/ANIMATION/BASE CHARACTER/PNG/WITH_FX/spr_waiting_strip9.png using Guid(79fc63703d65b9a40b1afe0a1dc04cc6) Importer(815301076,1909f56bfc062723c751e8b465ee728b)  -> (artifact id: '6461ac5ae49d6e5682a55c405ac5d59b') in 0.206492 seconds
  Import took 0.225109 seconds .

========================================================================
Received Import Request.
  Time since last request: 0.000591 seconds.
  path: Assets/Sprites/CHARACTERS/ANIMATION/BASE CHARACTER/PNG/WITH_FX/spr_watering_strip5.png
  artifactKey: Guid(2cbbb4a1a38ba3644bafacc32870a3be) Importer(815301076,1909f56bfc062723c751e8b465ee728b)
Start importing Assets/Sprites/CHARACTERS/ANIMATION/BASE CHARACTER/PNG/WITH_FX/spr_watering_strip5.png using Guid(2cbbb4a1a38ba3644bafacc32870a3be) Importer(815301076,1909f56bfc062723c751e8b465ee728b)  -> (artifact id: 'ba32db0a0fb9be92b19b3590569f0513') in 0.231196 seconds
  Import took 0.243933 seconds .

========================================================================
Received Import Request.
  Time since last request: 0.001008 seconds.
  path: Assets/Sprites/CHARACTERS/ANIMATION/BASE CHARACTER/PNG/WITH_FX/spr_walking_strip8.png
  artifactKey: Guid(42f8274f81183e7499dd7dc5f9e7d738) Importer(815301076,1909f56bfc062723c751e8b465ee728b)
Start importing Assets/Sprites/CHARACTERS/ANIMATION/BASE CHARACTER/PNG/WITH_FX/spr_walking_strip8.png using Guid(42f8274f81183e7499dd7dc5f9e7d738) Importer(815301076,1909f56bfc062723c751e8b465ee728b)  -> (artifact id: '8ac5aad7906327a67ca3677de0e157f6') in 0.225317 seconds
  Import took 0.238176 seconds .

========================================================================
Received Import Request.
  Time since last request: 0.437929 seconds.
  path: Assets/Sprites/CHARACTERS/ANIMATION/BASE CHARACTER/PNG/WITH_FX/spr_roll_strip10.png
  artifactKey: Guid(aab85fcc04418b543a2096c300f1dc91) Importer(815301076,1909f56bfc062723c751e8b465ee728b)
Start importing Assets/Sprites/CHARACTERS/ANIMATION/BASE CHARACTER/PNG/WITH_FX/spr_roll_strip10.png using Guid(aab85fcc04418b543a2096c300f1dc91) Importer(815301076,1909f56bfc062723c751e8b465ee728b)  -> (artifact id: 'd5518b5f35d25932f6542fd0ad5bea47') in 0.164816 seconds
  Import took 0.174373 seconds .

========================================================================
Received Import Request.
  Time since last request: 0.000502 seconds.
  path: Assets/Sprites/CHARACTERS/ANIMATION/BASE CHARACTER/PNG/WITH_FX/spr_jump_strip9.png
  artifactKey: Guid(84cba5e3277898143b93c0d5dfa06739) Importer(815301076,1909f56bfc062723c751e8b465ee728b)
Start importing Assets/Sprites/CHARACTERS/ANIMATION/BASE CHARACTER/PNG/WITH_FX/spr_jump_strip9.png using Guid(84cba5e3277898143b93c0d5dfa06739) Importer(815301076,1909f56bfc062723c751e8b465ee728b)  -> (artifact id: '4441c16094d81cc6bfda71d6e5f43715') in 0.206247 seconds
  Import took 0.225318 seconds .

========================================================================
Received Import Request.
  Time since last request: 0.000478 seconds.
  path: Assets/Sprites/CHARACTERS/ANIMATION/BASE CHARACTER/PNG/WITH_FX/spr_idle_strip9.png
  artifactKey: Guid(792abc86b943d8544bbd417ebb9a577f) Importer(815301076,1909f56bfc062723c751e8b465ee728b)
Start importing Assets/Sprites/CHARACTERS/ANIMATION/BASE CHARACTER/PNG/WITH_FX/spr_idle_strip9.png using Guid(792abc86b943d8544bbd417ebb9a577f) Importer(815301076,1909f56bfc062723c751e8b465ee728b)  -> (artifact id: '8b90b4ea6abb62aaf2ffd3f4c926bcaa') in 0.255494 seconds
  Import took 0.268010 seconds .

========================================================================
Received Import Request.
  Time since last request: 0.000480 seconds.
  path: Assets/Sprites/CHARACTERS/ANIMATION/BASE CHARACTER/PNG/WITH_FX/spr_hammering_strip23.png
  artifactKey: Guid(3fa8e327b1b807148ad0bb10aa06aea4) Importer(815301076,1909f56bfc062723c751e8b465ee728b)
Start importing Assets/Sprites/CHARACTERS/ANIMATION/BASE CHARACTER/PNG/WITH_FX/spr_hammering_strip23.png using Guid(3fa8e327b1b807148ad0bb10aa06aea4) Importer(815301076,1909f56bfc062723c751e8b465ee728b)  -> (artifact id: '2320b3dd00804bf93d3d0a87108552c4') in 0.260396 seconds
  Import took 0.273785 seconds .

========================================================================
Received Import Request.
  Time since last request: 0.000452 seconds.
  path: Assets/Sprites/CHARACTERS/ANIMATION/BASE CHARACTER/PNG/WITH_FX/spr_mining_strip10.png
  artifactKey: Guid(4de2d035c9c4c1c479ccbab36780b0e5) Importer(815301076,1909f56bfc062723c751e8b465ee728b)
Start importing Assets/Sprites/CHARACTERS/ANIMATION/BASE CHARACTER/PNG/WITH_FX/spr_mining_strip10.png using Guid(4de2d035c9c4c1c479ccbab36780b0e5) Importer(815301076,1909f56bfc062723c751e8b465ee728b)  -> (artifact id: 'e669784ef3077c6dae958ce3cd987ed5') in 0.200508 seconds
  Import took 0.219164 seconds .

========================================================================
Received Import Request.
  Time since last request: 0.001218 seconds.
  path: Assets/Sprites/CHARACTERS/ANIMATION/BASE CHARACTER/PNG/WITH_FX/spr_carry_strip8.png
  artifactKey: Guid(7b0d6c2ae751fed409ac0b78b848a3f9) Importer(815301076,1909f56bfc062723c751e8b465ee728b)
Start importing Assets/Sprites/CHARACTERS/ANIMATION/BASE CHARACTER/PNG/WITH_FX/spr_carry_strip8.png using Guid(7b0d6c2ae751fed409ac0b78b848a3f9) Importer(815301076,1909f56bfc062723c751e8b465ee728b)  -> (artifact id: '52f33415e55e024449aaa235d93f2c2a') in 0.183591 seconds
  Import took 0.198216 seconds .

========================================================================
Received Import Request.
  Time since last request: 0.000477 seconds.
  path: Assets/Sprites/CHARACTERS/ANIMATION/BASE CHARACTER/PNG/WITH_FX/spr_hurt_strip8.png
  artifactKey: Guid(c2346aa40ddce294eb04be7d294572a3) Importer(815301076,1909f56bfc062723c751e8b465ee728b)
Start importing Assets/Sprites/CHARACTERS/ANIMATION/BASE CHARACTER/PNG/WITH_FX/spr_hurt_strip8.png using Guid(c2346aa40ddce294eb04be7d294572a3) Importer(815301076,1909f56bfc062723c751e8b465ee728b)  -> (artifact id: '9ebc18898a3f2398e67fd0cecd5f8d2b') in 0.216257 seconds
  Import took 0.238815 seconds .

========================================================================
Received Import Request.
  Time since last request: 0.000986 seconds.
  path: Assets/Sprites/CHARACTERS/ANIMATION/BASE CHARACTER/PNG/WITH_FX/spr_dig_strip13.png
  artifactKey: Guid(3bea85bdf41c86645a082108696d4198) Importer(815301076,1909f56bfc062723c751e8b465ee728b)
Start importing Assets/Sprites/CHARACTERS/ANIMATION/BASE CHARACTER/PNG/WITH_FX/spr_dig_strip13.png using Guid(3bea85bdf41c86645a082108696d4198) Importer(815301076,1909f56bfc062723c751e8b465ee728b)  -> (artifact id: '4ab3661da39fc3bcff6a8cd056432111') in 0.284187 seconds
  Import took 0.295287 seconds .

========================================================================
Received Import Request.
  Time since last request: 0.000500 seconds.
  path: Assets/Sprites/CHARACTERS/ANIMATION/BASE CHARACTER/PNG/WITH_FX/spr_death_strip13.png
  artifactKey: Guid(5ca10f4c3b94a4043a93416424f9b93f) Importer(815301076,1909f56bfc062723c751e8b465ee728b)
Start importing Assets/Sprites/CHARACTERS/ANIMATION/BASE CHARACTER/PNG/WITH_FX/spr_death_strip13.png using Guid(5ca10f4c3b94a4043a93416424f9b93f) Importer(815301076,1909f56bfc062723c751e8b465ee728b)  -> (artifact id: '6b43f20c4d9af8e8e7b272c1a768e484') in 0.235580 seconds
  Import took 0.244738 seconds .

========================================================================
Received Import Request.
  Time since last request: 0.000475 seconds.
  path: Assets/Sprites/CHARACTERS/ANIMATION/BASE CHARACTER/PNG/WITH_FX/spr_axe_strip10.png
  artifactKey: Guid(57cdfffd2dde8014ea1b51232368e197) Importer(815301076,1909f56bfc062723c751e8b465ee728b)
Start importing Assets/Sprites/CHARACTERS/ANIMATION/BASE CHARACTER/PNG/WITH_FX/spr_axe_strip10.png using Guid(57cdfffd2dde8014ea1b51232368e197) Importer(815301076,1909f56bfc062723c751e8b465ee728b)  -> (artifact id: 'a4f4b8a78fae99df25be32d6e13b2c09') in 0.213542 seconds
  Import took 0.224183 seconds .

========================================================================
Received Import Request.
  Time since last request: 0.000483 seconds.
  path: Assets/Sprites/CHARACTERS/ANIMATION/BASE CHARACTER/PNG/WITH_FX/spr_caught_strip10.png
  artifactKey: Guid(48f3a825bb9d3af4ea820d69ba8f5421) Importer(815301076,1909f56bfc062723c751e8b465ee728b)
Start importing Assets/Sprites/CHARACTERS/ANIMATION/BASE CHARACTER/PNG/WITH_FX/spr_caught_strip10.png using Guid(48f3a825bb9d3af4ea820d69ba8f5421) Importer(815301076,1909f56bfc062723c751e8b465ee728b)  -> (artifact id: '36e96d0cb7809d1f7fd6b03d5b91243b') in 0.230699 seconds
  Import took 0.242677 seconds .

========================================================================
Received Import Request.
  Time since last request: 0.000495 seconds.
  path: Assets/Sprites/CHARACTERS/ANIMATION/BASE CHARACTER/PNG/WITH_FX/spr_doing_strip8.png
  artifactKey: Guid(6b61b4db23ce22342ab9abcc9f0d0e3b) Importer(815301076,1909f56bfc062723c751e8b465ee728b)
Start importing Assets/Sprites/CHARACTERS/ANIMATION/BASE CHARACTER/PNG/WITH_FX/spr_doing_strip8.png using Guid(6b61b4db23ce22342ab9abcc9f0d0e3b) Importer(815301076,1909f56bfc062723c751e8b465ee728b)  -> (artifact id: '26aa0a27bb95a6c3fd1878ac8a7a2246') in 0.206695 seconds
  Import took 0.228183 seconds .

========================================================================
Received Import Request.
  Time since last request: 0.000447 seconds.
  path: Assets/Sprites/CHARACTERS/ANIMATION/BASE CHARACTER/PNG/WITH_FX/spr_casting_strip15.png
  artifactKey: Guid(365501c5810ad2e4fb0adc28bf4703d2) Importer(815301076,1909f56bfc062723c751e8b465ee728b)
Start importing Assets/Sprites/CHARACTERS/ANIMATION/BASE CHARACTER/PNG/WITH_FX/spr_casting_strip15.png using Guid(365501c5810ad2e4fb0adc28bf4703d2) Importer(815301076,1909f56bfc062723c751e8b465ee728b)  -> (artifact id: 'cb9c3c1e1f956318b24e921ed96a8303') in 0.211495 seconds
  Import took 0.220455 seconds .

========================================================================
Received Import Request.
  Time since last request: 94.128668 seconds.
  path: Assets/Sprites/CHARACTERS/ANIMATION/BASE CHARACTER/PNG/WITH_FX/spr_idle_strip9.png
  artifactKey: Guid(792abc86b943d8544bbd417ebb9a577f) Importer(815301076,1909f56bfc062723c751e8b465ee728b)
Start importing Assets/Sprites/CHARACTERS/ANIMATION/BASE CHARACTER/PNG/WITH_FX/spr_idle_strip9.png using Guid(792abc86b943d8544bbd417ebb9a577f) Importer(815301076,1909f56bfc062723c751e8b465ee728b)  -> (artifact id: '4b18181a6bab80f08573e312f2261723') in 0.166992 seconds
  Import took 0.347677 seconds .

========================================================================
Received Import Request.
  Time since last request: 91.515266 seconds.
  path: Assets/Sprites/CHARACTERS/ANIMATION/BASE CHARACTER/PNG/WITH_FX/spr_idle_strip9.png
  artifactKey: Guid(792abc86b943d8544bbd417ebb9a577f) Importer(815301076,1909f56bfc062723c751e8b465ee728b)
Start importing Assets/Sprites/CHARACTERS/ANIMATION/BASE CHARACTER/PNG/WITH_FX/spr_idle_strip9.png using Guid(792abc86b943d8544bbd417ebb9a577f) Importer(815301076,1909f56bfc062723c751e8b465ee728b)  -> (artifact id: '7753da07064825cbc34ec78b19bdefcf') in 0.147484 seconds
  Import took 0.225454 seconds .

========================================================================
Received Import Request.
  Time since last request: 21.481707 seconds.
  path: Assets/Sprites/CHARACTERS/ANIMATION/BASE CHARACTER/PNG/WITH_FX/spr_idle_strip9.png
  artifactKey: Guid(792abc86b943d8544bbd417ebb9a577f) Importer(815301076,1909f56bfc062723c751e8b465ee728b)
Start importing Assets/Sprites/CHARACTERS/ANIMATION/BASE CHARACTER/PNG/WITH_FX/spr_idle_strip9.png using Guid(792abc86b943d8544bbd417ebb9a577f) Importer(815301076,1909f56bfc062723c751e8b465ee728b)  -> (artifact id: '9670f5acc725efe2f9d49f6569e20b4f') in 0.192874 seconds
  Import took 0.202065 seconds .

========================================================================
Received Import Request.
  Time since last request: 174.136124 seconds.
  path: Assets/Scripts
  artifactKey: Guid(4bdc372f05481ff428db9544723753cc) Importer(815301076,1909f56bfc062723c751e8b465ee728b)
Start importing Assets/Scripts using Guid(4bdc372f05481ff428db9544723753cc) Importer(815301076,1909f56bfc062723c751e8b465ee728b)  -> (artifact id: '8011f411b2c358a7adb3cf2ac0ff0f7b') in 0.144334 seconds
  Import took 0.155500 seconds .

========================================================================
Received Import Request.
  Time since last request: 9.483954 seconds.
  path: Assets/Scripts/Player.cs
  artifactKey: Guid(0bc1be93b79b1df4cac699f602942bab) Importer(815301076,1909f56bfc062723c751e8b465ee728b)
Start importing Assets/Scripts/Player.cs using Guid(0bc1be93b79b1df4cac699f602942bab) Importer(815301076,1909f56bfc062723c751e8b465ee728b)  -> (artifact id: 'cb64d55f6649ce92815a3b91e0b23b4a') in 0.418046 seconds
  Import took 0.434161 seconds .

========================================================================
Received Prepare
Registering precompiled user dll's ...
Registered in 0.010240 seconds.
Begin MonoManager ReloadAssembly
Native extension for WindowsStandalone target not found
Native extension for WebGL target not found
Refreshing native plugins compatible for Editor in 3.58 ms, found 1 plugins.
Preloading 0 native plugins for Editor in 0.00 ms.
Mono: successfully reloaded assembly
- Completed reload, in  8.359 seconds
Platform modules already initialized, skipping
Refreshing native plugins compatible for Editor in 0.91 ms, found 1 plugins.
Preloading 0 native plugins for Editor in 0.00 ms.
Unloading 1804 Unused Serialized files (Serialized files now loaded: 0)
System memory in use before: 88.2 MB.
System memory in use after: 88.2 MB.

Unloading 12 unused Assets to reduce memory usage. Loaded Objects now: 2273.
Total: 36.030600 ms (FindLiveObjects: 5.153700 ms CreateObjectMapping: 0.838700 ms MarkObjects: 27.876600 ms  DeleteObjects: 2.157100 ms)

========================================================================
Received Prepare
Registering precompiled user dll's ...
Registered in 0.024373 seconds.
Begin MonoManager ReloadAssembly
Native extension for WindowsStandalone target not found
Native extension for WebGL target not found
Refreshing native plugins compatible for Editor in 1.30 ms, found 1 plugins.
Preloading 0 native plugins for Editor in 0.00 ms.
Mono: successfully reloaded assembly
- Completed reload, in  4.233 seconds
Platform modules already initialized, skipping
Refreshing native plugins compatible for Editor in 3.96 ms, found 1 plugins.
Preloading 0 native plugins for Editor in 0.00 ms.
Unloading 1804 Unused Serialized files (Serialized files now loaded: 0)
System memory in use before: 88.3 MB.
System memory in use after: 88.3 MB.

Unloading 12 unused Assets to reduce memory usage. Loaded Objects now: 2277.
Total: 11.338400 ms (FindLiveObjects: 0.437600 ms CreateObjectMapping: 0.207600 ms MarkObjects: 10.340300 ms  DeleteObjects: 0.348800 ms)

========================================================================
Received Import Request.
  Time since last request: 720.493998 seconds.
  path: Assets/Scripts/Player.cs
  artifactKey: Guid(0bc1be93b79b1df4cac699f602942bab) Importer(815301076,1909f56bfc062723c751e8b465ee728b)
Start importing Assets/Scripts/Player.cs using Guid(0bc1be93b79b1df4cac699f602942bab) Importer(815301076,1909f56bfc062723c751e8b465ee728b)  -> (artifact id: '03e0ac380b5fa85ef9953f7a8b63adcf') in 0.245026 seconds
  Import took 0.267610 seconds .

========================================================================
Received Prepare
Registering precompiled user dll's ...
Registered in 0.017307 seconds.
Begin MonoManager ReloadAssembly
Native extension for WindowsStandalone target not found
Native extension for WebGL target not found
Refreshing native plugins compatible for Editor in 1.17 ms, found 1 plugins.
Preloading 0 native plugins for Editor in 0.00 ms.
Mono: successfully reloaded assembly
- Completed reload, in  3.773 seconds
Platform modules already initialized, skipping
Refreshing native plugins compatible for Editor in 4.28 ms, found 1 plugins.
Preloading 0 native plugins for Editor in 0.00 ms.
Unloading 1804 Unused Serialized files (Serialized files now loaded: 0)
System memory in use before: 88.3 MB.
System memory in use after: 88.3 MB.

Unloading 12 unused Assets to reduce memory usage. Loaded Objects now: 2281.
Total: 5.397100 ms (FindLiveObjects: 0.731300 ms CreateObjectMapping: 0.213400 ms MarkObjects: 4.193500 ms  DeleteObjects: 0.256100 ms)

========================================================================
Received Prepare
Registering precompiled user dll's ...
Registered in 0.031399 seconds.
Begin MonoManager ReloadAssembly
Native extension for WindowsStandalone target not found
Native extension for WebGL target not found
Refreshing native plugins compatible for Editor in 0.85 ms, found 1 plugins.
Preloading 0 native plugins for Editor in 0.00 ms.
Mono: successfully reloaded assembly
- Completed reload, in  3.396 seconds
Platform modules already initialized, skipping
Refreshing native plugins compatible for Editor in 0.82 ms, found 1 plugins.
Preloading 0 native plugins for Editor in 0.00 ms.
Unloading 1804 Unused Serialized files (Serialized files now loaded: 0)
System memory in use before: 88.3 MB.
System memory in use after: 88.3 MB.

Unloading 12 unused Assets to reduce memory usage. Loaded Objects now: 2285.
Total: 4.748600 ms (FindLiveObjects: 0.403200 ms CreateObjectMapping: 0.250500 ms MarkObjects: 3.844400 ms  DeleteObjects: 0.247600 ms)

========================================================================
Received Prepare
Registering precompiled user dll's ...
Registered in 0.005311 seconds.
Begin MonoManager ReloadAssembly
Native extension for WindowsStandalone target not found
Native extension for WebGL target not found
Refreshing native plugins compatible for Editor in 1.06 ms, found 1 plugins.
Preloading 0 native plugins for Editor in 0.00 ms.
Mono: successfully reloaded assembly
- Completed reload, in  3.455 seconds
Platform modules already initialized, skipping
Refreshing native plugins compatible for Editor in 7.93 ms, found 1 plugins.
Preloading 0 native plugins for Editor in 0.00 ms.
Unloading 1804 Unused Serialized files (Serialized files now loaded: 0)
System memory in use before: 88.4 MB.
System memory in use after: 88.3 MB.

Unloading 12 unused Assets to reduce memory usage. Loaded Objects now: 2289.
Total: 44.661900 ms (FindLiveObjects: 0.408500 ms CreateObjectMapping: 0.871800 ms MarkObjects: 43.096400 ms  DeleteObjects: 0.281600 ms)

========================================================================
Received Prepare
Registering precompiled user dll's ...
Registered in 0.003263 seconds.
Begin MonoManager ReloadAssembly
Native extension for WindowsStandalone target not found
Native extension for WebGL target not found
Refreshing native plugins compatible for Editor in 2.40 ms, found 1 plugins.
Preloading 0 native plugins for Editor in 0.00 ms.
Mono: successfully reloaded assembly
- Completed reload, in  3.178 seconds
Platform modules already initialized, skipping
Refreshing native plugins compatible for Editor in 0.87 ms, found 1 plugins.
Preloading 0 native plugins for Editor in 0.00 ms.
Unloading 1804 Unused Serialized files (Serialized files now loaded: 0)
System memory in use before: 88.4 MB.
System memory in use after: 88.4 MB.

Unloading 12 unused Assets to reduce memory usage. Loaded Objects now: 2293.
Total: 7.289300 ms (FindLiveObjects: 0.436100 ms CreateObjectMapping: 0.275000 ms MarkObjects: 5.890300 ms  DeleteObjects: 0.684200 ms)

========================================================================
Received Prepare
Registering precompiled user dll's ...
Registered in 0.005901 seconds.
Begin MonoManager ReloadAssembly
Native extension for WindowsStandalone target not found
Native extension for WebGL target not found
Refreshing native plugins compatible for Editor in 0.96 ms, found 1 plugins.
Preloading 0 native plugins for Editor in 0.00 ms.
Mono: successfully reloaded assembly
- Completed reload, in  3.670 seconds
Platform modules already initialized, skipping
Refreshing native plugins compatible for Editor in 1.00 ms, found 1 plugins.
Preloading 0 native plugins for Editor in 0.00 ms.
Unloading 1804 Unused Serialized files (Serialized files now loaded: 0)
System memory in use before: 88.4 MB.
System memory in use after: 88.4 MB.

Unloading 12 unused Assets to reduce memory usage. Loaded Objects now: 2297.
Total: 5.444300 ms (FindLiveObjects: 0.352400 ms CreateObjectMapping: 0.187200 ms MarkObjects: 4.590300 ms  DeleteObjects: 0.310700 ms)

========================================================================
Received Import Request.
  Time since last request: 755.368208 seconds.
  path: Assets/Sprites/CHARACTERS/ANIMATION/BASE CHARACTER/PNG/WITH_FX/spr_walking_strip8.png
  artifactKey: Guid(42f8274f81183e7499dd7dc5f9e7d738) Importer(815301076,1909f56bfc062723c751e8b465ee728b)
Start importing Assets/Sprites/CHARACTERS/ANIMATION/BASE CHARACTER/PNG/WITH_FX/spr_walking_strip8.png using Guid(42f8274f81183e7499dd7dc5f9e7d738) Importer(815301076,1909f56bfc062723c751e8b465ee728b)  -> (artifact id: '94e7add7857aa2d3fc3a9c285743de70') in 0.212850 seconds
  Import took 0.228378 seconds .

========================================================================
Received Import Request.
  Time since last request: 0.011731 seconds.
  path: Assets/Sprites/CHARACTERS/ANIMATION/BASE CHARACTER/PNG/WITH_FX/spr_walking_strip8.png
  artifactKey: Guid(42f8274f81183e7499dd7dc5f9e7d738) Importer(815301076,1909f56bfc062723c751e8b465ee728b)
Start importing Assets/Sprites/CHARACTERS/ANIMATION/BASE CHARACTER/PNG/WITH_FX/spr_walking_strip8.png using Guid(42f8274f81183e7499dd7dc5f9e7d738) Importer(815301076,1909f56bfc062723c751e8b465ee728b)  -> (artifact id: '94e7add7857aa2d3fc3a9c285743de70') in 0.152095 seconds
  Import took 0.160506 seconds .

========================================================================
Received Import Request.
  Time since last request: 11.142383 seconds.
  path: Assets/Sprites/CHARACTERS/ANIMATION/BASE CHARACTER/PNG/WITH_FX/spr_reeling_strip13.png
  artifactKey: Guid(40a45a7d4e46b7549929a73e3ff8550e) Importer(815301076,1909f56bfc062723c751e8b465ee728b)
Start importing Assets/Sprites/CHARACTERS/ANIMATION/BASE CHARACTER/PNG/WITH_FX/spr_reeling_strip13.png using Guid(40a45a7d4e46b7549929a73e3ff8550e) Importer(815301076,1909f56bfc062723c751e8b465ee728b)  -> (artifact id: '036b5d9ff6867519f150a5377aba0946') in 0.136234 seconds
  Import took 0.175453 seconds .

========================================================================
Received Import Request.
  Time since last request: 0.000647 seconds.
  path: Assets/Sprites/CHARACTERS/ANIMATION/BASE CHARACTER/PNG/WITH_FX/spr_run_strip8.png
  artifactKey: Guid(360f35862fd63a242a42bf3f2997c7a0) Importer(815301076,1909f56bfc062723c751e8b465ee728b)
Start importing Assets/Sprites/CHARACTERS/ANIMATION/BASE CHARACTER/PNG/WITH_FX/spr_run_strip8.png using Guid(360f35862fd63a242a42bf3f2997c7a0) Importer(815301076,1909f56bfc062723c751e8b465ee728b)  -> (artifact id: '84ffced8619ab33d5acca974dcf37829') in 0.168379 seconds
  Import took 0.181620 seconds .

========================================================================
Received Import Request.
  Time since last request: 0.000403 seconds.
  path: Assets/Sprites/CHARACTERS/ANIMATION/BASE CHARACTER/PNG/WITH_FX/spr_sword_strip10.png
  artifactKey: Guid(85ba7a8b9cd92ae4980bed85fa5a5570) Importer(815301076,1909f56bfc062723c751e8b465ee728b)
Start importing Assets/Sprites/CHARACTERS/ANIMATION/BASE CHARACTER/PNG/WITH_FX/spr_sword_strip10.png using Guid(85ba7a8b9cd92ae4980bed85fa5a5570) Importer(815301076,1909f56bfc062723c751e8b465ee728b)  -> (artifact id: '19453e96287cdc5b9b066414eccf0555') in 0.253150 seconds
  Import took 0.260800 seconds .

========================================================================
Received Import Request.
  Time since last request: 0.000480 seconds.
  path: Assets/Sprites/CHARACTERS/ANIMATION/BASE CHARACTER/PNG/WITH_FX/spr_swimming_strip12.png
  artifactKey: Guid(aec5fdb764e887042a7240b391ebd1ee) Importer(815301076,1909f56bfc062723c751e8b465ee728b)
Start importing Assets/Sprites/CHARACTERS/ANIMATION/BASE CHARACTER/PNG/WITH_FX/spr_swimming_strip12.png using Guid(aec5fdb764e887042a7240b391ebd1ee) Importer(815301076,1909f56bfc062723c751e8b465ee728b)  -> (artifact id: '9be9e1e530a249dafdeca0630cea43ce') in 0.177661 seconds
  Import took 0.188797 seconds .

========================================================================
Received Import Request.
  Time since last request: 0.000526 seconds.
  path: Assets/Sprites/CHARACTERS/ANIMATION/BASE CHARACTER/PNG/WITH_FX/spr_waiting_strip9.png
  artifactKey: Guid(79fc63703d65b9a40b1afe0a1dc04cc6) Importer(815301076,1909f56bfc062723c751e8b465ee728b)
Start importing Assets/Sprites/CHARACTERS/ANIMATION/BASE CHARACTER/PNG/WITH_FX/spr_waiting_strip9.png using Guid(79fc63703d65b9a40b1afe0a1dc04cc6) Importer(815301076,1909f56bfc062723c751e8b465ee728b)  -> (artifact id: '431e983dd761da68064499753f8d555f') in 0.130799 seconds
  Import took 0.138836 seconds .

========================================================================
Received Import Request.
  Time since last request: 0.000499 seconds.
  path: Assets/Sprites/CHARACTERS/ANIMATION/BASE CHARACTER/PNG/WITH_FX/spr_watering_strip5.png
  artifactKey: Guid(2cbbb4a1a38ba3644bafacc32870a3be) Importer(815301076,1909f56bfc062723c751e8b465ee728b)
Start importing Assets/Sprites/CHARACTERS/ANIMATION/BASE CHARACTER/PNG/WITH_FX/spr_watering_strip5.png using Guid(2cbbb4a1a38ba3644bafacc32870a3be) Importer(815301076,1909f56bfc062723c751e8b465ee728b)  -> (artifact id: '411111b75152546a4966f0171c14f65b') in 0.157102 seconds
  Import took 0.164651 seconds .

========================================================================
Received Import Request.
  Time since last request: 0.029799 seconds.
  path: Assets/Sprites/CHARACTERS/ANIMATION/BASE CHARACTER/PNG/WITH_FX/spr_watering_strip5.png
  artifactKey: Guid(2cbbb4a1a38ba3644bafacc32870a3be) Importer(815301076,1909f56bfc062723c751e8b465ee728b)
Start importing Assets/Sprites/CHARACTERS/ANIMATION/BASE CHARACTER/PNG/WITH_FX/spr_watering_strip5.png using Guid(2cbbb4a1a38ba3644bafacc32870a3be) Importer(815301076,1909f56bfc062723c751e8b465ee728b)  -> (artifact id: '411111b75152546a4966f0171c14f65b') in 0.142679 seconds
  Import took 0.155845 seconds .

========================================================================
Received Import Request.
  Time since last request: 9.204802 seconds.
  path: Assets/Sprites/CHARACTERS/ANIMATION/BASE CHARACTER/PNG/WITH_FX/spr_walking_strip8.png
  artifactKey: Guid(42f8274f81183e7499dd7dc5f9e7d738) Importer(815301076,1909f56bfc062723c751e8b465ee728b)
Start importing Assets/Sprites/CHARACTERS/ANIMATION/BASE CHARACTER/PNG/WITH_FX/spr_walking_strip8.png using Guid(42f8274f81183e7499dd7dc5f9e7d738) Importer(815301076,1909f56bfc062723c751e8b465ee728b)  -> (artifact id: '36464603f1bafea7c7cbbe1346c8b5d0') in 0.242556 seconds
  Import took 0.253578 seconds .

========================================================================
Received Import Request.
  Time since last request: 135.762486 seconds.
  path: Assets/Animations/Actors/Player/Player.controller
  artifactKey: Guid(d373bb23d6fd33746899cfdca2605b6e) Importer(815301076,1909f56bfc062723c751e8b465ee728b)
Start importing Assets/Animations/Actors/Player/Player.controller using Guid(d373bb23d6fd33746899cfdca2605b6e) Importer(815301076,1909f56bfc062723c751e8b465ee728b)  -> (artifact id: 'f309e446d779269f9c5afa76acd62222') in 0.351736 seconds
  Import took 0.392608 seconds .

========================================================================
Received Prepare
Registering precompiled user dll's ...
Registered in 0.012009 seconds.
Begin MonoManager ReloadAssembly
Native extension for WindowsStandalone target not found
Native extension for WebGL target not found
Refreshing native plugins compatible for Editor in 1.10 ms, found 1 plugins.
Preloading 0 native plugins for Editor in 0.00 ms.
Mono: successfully reloaded assembly
- Completed reload, in 10.374 seconds
Platform modules already initialized, skipping
Refreshing native plugins compatible for Editor in 0.93 ms, found 1 plugins.
Preloading 0 native plugins for Editor in 0.00 ms.
Unloading 1804 Unused Serialized files (Serialized files now loaded: 0)
System memory in use before: 88.4 MB.
System memory in use after: 88.4 MB.

Unloading 12 unused Assets to reduce memory usage. Loaded Objects now: 2302.
Total: 21.574900 ms (FindLiveObjects: 1.653400 ms CreateObjectMapping: 0.297200 ms MarkObjects: 18.788100 ms  DeleteObjects: 0.832200 ms)

========================================================================
Received Prepare
Registering precompiled user dll's ...
Registered in 0.048098 seconds.
Begin MonoManager ReloadAssembly
Native extension for WindowsStandalone target not found
Native extension for WebGL target not found
Refreshing native plugins compatible for Editor in 1.41 ms, found 1 plugins.
Preloading 0 native plugins for Editor in 0.00 ms.
Mono: successfully reloaded assembly
- Completed reload, in  4.026 seconds
Platform modules already initialized, skipping
Refreshing native plugins compatible for Editor in 1.61 ms, found 1 plugins.
Preloading 0 native plugins for Editor in 0.00 ms.
Unloading 1804 Unused Serialized files (Serialized files now loaded: 0)
System memory in use before: 88.4 MB.
System memory in use after: 88.4 MB.

Unloading 12 unused Assets to reduce memory usage. Loaded Objects now: 2306.
Total: 6.220500 ms (FindLiveObjects: 0.678900 ms CreateObjectMapping: 0.239300 ms MarkObjects: 4.507800 ms  DeleteObjects: 0.790900 ms)

========================================================================
Received Import Request.
  Time since last request: 385.101590 seconds.
  path: Assets/Scripts/Player_anim.cs
  artifactKey: Guid(bed9a580ec6af8c45977f40c50e9f9f3) Importer(815301076,1909f56bfc062723c751e8b465ee728b)
Start importing Assets/Scripts/Player_anim.cs using Guid(bed9a580ec6af8c45977f40c50e9f9f3) Importer(815301076,1909f56bfc062723c751e8b465ee728b)  -> (artifact id: 'f7260bdf8bb074194815e9e9e4caadf3') in 0.181565 seconds
  Import took 0.199238 seconds .

========================================================================
Received Prepare
Registering precompiled user dll's ...
Registered in 0.018511 seconds.
Begin MonoManager ReloadAssembly
Native extension for WindowsStandalone target not found
Native extension for WebGL target not found
Refreshing native plugins compatible for Editor in 0.86 ms, found 1 plugins.
Preloading 0 native plugins for Editor in 0.00 ms.
Mono: successfully reloaded assembly
- Completed reload, in  7.006 seconds
Platform modules already initialized, skipping
Refreshing native plugins compatible for Editor in 0.83 ms, found 1 plugins.
Preloading 0 native plugins for Editor in 0.00 ms.
Unloading 1805 Unused Serialized files (Serialized files now loaded: 0)
System memory in use before: 88.5 MB.
System memory in use after: 88.5 MB.

Unloading 12 unused Assets to reduce memory usage. Loaded Objects now: 2311.
Total: 5.242600 ms (FindLiveObjects: 0.328200 ms CreateObjectMapping: 0.901300 ms MarkObjects: 3.790400 ms  DeleteObjects: 0.220300 ms)

========================================================================
Received Prepare
Registering precompiled user dll's ...
Registered in 0.015175 seconds.
Begin MonoManager ReloadAssembly
Native extension for WindowsStandalone target not found
Native extension for WebGL target not found
Refreshing native plugins compatible for Editor in 1.15 ms, found 1 plugins.
Preloading 0 native plugins for Editor in 0.00 ms.
Mono: successfully reloaded assembly
- Completed reload, in  6.534 seconds
Platform modules already initialized, skipping
Refreshing native plugins compatible for Editor in 0.86 ms, found 1 plugins.
Preloading 0 native plugins for Editor in 0.00 ms.
Unloading 1805 Unused Serialized files (Serialized files now loaded: 0)
System memory in use before: 88.5 MB.
System memory in use after: 88.5 MB.

Unloading 12 unused Assets to reduce memory usage. Loaded Objects now: 2315.
Total: 5.263600 ms (FindLiveObjects: 0.518100 ms CreateObjectMapping: 0.379500 ms MarkObjects: 4.038100 ms  DeleteObjects: 0.323800 ms)

========================================================================
Received Import Request.
  Time since last request: 57.724953 seconds.
  path: Assets/Scripts/Player_anim.cs
  artifactKey: Guid(bed9a580ec6af8c45977f40c50e9f9f3) Importer(815301076,1909f56bfc062723c751e8b465ee728b)
Start importing Assets/Scripts/Player_anim.cs using Guid(bed9a580ec6af8c45977f40c50e9f9f3) Importer(815301076,1909f56bfc062723c751e8b465ee728b)  -> (artifact id: 'b91cc659f8bff45e241ae57253636342') in 0.098046 seconds
  Import took 0.108074 seconds .

========================================================================
Received Prepare
Registering precompiled user dll's ...
Registered in 0.013851 seconds.
Begin MonoManager ReloadAssembly
Native extension for WindowsStandalone target not found
Native extension for WebGL target not found
Refreshing native plugins compatible for Editor in 1.40 ms, found 1 plugins.
Preloading 0 native plugins for Editor in 0.00 ms.
Mono: successfully reloaded assembly
- Completed reload, in  6.743 seconds
Platform modules already initialized, skipping
Refreshing native plugins compatible for Editor in 1.64 ms, found 1 plugins.
Preloading 0 native plugins for Editor in 0.00 ms.
Unloading 1805 Unused Serialized files (Serialized files now loaded: 0)
System memory in use before: 88.5 MB.
System memory in use after: 88.5 MB.

Unloading 12 unused Assets to reduce memory usage. Loaded Objects now: 2319.
Total: 5.891300 ms (FindLiveObjects: 0.994100 ms CreateObjectMapping: 0.247800 ms MarkObjects: 4.287200 ms  DeleteObjects: 0.358500 ms)

========================================================================
Received Prepare
Registering precompiled user dll's ...
Registered in 0.009584 seconds.
Begin MonoManager ReloadAssembly
Native extension for WindowsStandalone target not found
Native extension for WebGL target not found
Refreshing native plugins compatible for Editor in 6.35 ms, found 1 plugins.
Preloading 0 native plugins for Editor in 0.00 ms.
Mono: successfully reloaded assembly
- Completed reload, in  4.521 seconds
Platform modules already initialized, skipping
Refreshing native plugins compatible for Editor in 1.26 ms, found 1 plugins.
Preloading 0 native plugins for Editor in 0.00 ms.
Unloading 1805 Unused Serialized files (Serialized files now loaded: 0)
System memory in use before: 88.5 MB.
System memory in use after: 88.5 MB.

Unloading 12 unused Assets to reduce memory usage. Loaded Objects now: 2323.
Total: 34.550600 ms (FindLiveObjects: 1.870100 ms CreateObjectMapping: 0.413700 ms MarkObjects: 30.976200 ms  DeleteObjects: 1.238500 ms)

========================================================================
Received Import Request.
  Time since last request: 1629.108237 seconds.
  path: Assets/Animations/Actors/Player/Player.controller
  artifactKey: Guid(d373bb23d6fd33746899cfdca2605b6e) Importer(815301076,1909f56bfc062723c751e8b465ee728b)
Start importing Assets/Animations/Actors/Player/Player.controller using Guid(d373bb23d6fd33746899cfdca2605b6e) Importer(815301076,1909f56bfc062723c751e8b465ee728b)  -> (artifact id: '515bbadb1d3f710c8f0eef37df8e138a') in 0.299088 seconds
  Import took 0.332610 seconds .

========================================================================
Received Import Request.
  Time since last request: 5.431316 seconds.
  path: Assets/Animations/Actors
  artifactKey: Guid(6cbf5310fecb55346a535bc7488db6b7) Importer(815301076,1909f56bfc062723c751e8b465ee728b)
Start importing Assets/Animations/Actors using Guid(6cbf5310fecb55346a535bc7488db6b7) Importer(815301076,1909f56bfc062723c751e8b465ee728b)  -> (artifact id: 'eeb1f019255e674038870f971ec8010c') in 0.083273 seconds
  Import took 0.132875 seconds .

========================================================================
Received Import Request.
  Time since last request: 0.457154 seconds.
  path: Assets/Animations/Actors/Player
  artifactKey: Guid(17cb19fe75d32244d844dda190700aa8) Importer(815301076,1909f56bfc062723c751e8b465ee728b)
Start importing Assets/Animations/Actors/Player using Guid(17cb19fe75d32244d844dda190700aa8) Importer(815301076,1909f56bfc062723c751e8b465ee728b)  -> (artifact id: 'f4e2e44d4b8743e0edf6d9dd5c55b4be') in 0.169122 seconds
  Import took 0.214481 seconds .

========================================================================
Received Prepare
Registering precompiled user dll's ...
Registered in 0.005082 seconds.
Begin MonoManager ReloadAssembly
Native extension for WindowsStandalone target not found
Native extension for WebGL target not found
Refreshing native plugins compatible for Editor in 0.85 ms, found 1 plugins.
Preloading 0 native plugins for Editor in 0.00 ms.
Mono: successfully reloaded assembly
- Completed reload, in  3.081 seconds
Platform modules already initialized, skipping
Refreshing native plugins compatible for Editor in 1.07 ms, found 1 plugins.
Preloading 0 native plugins for Editor in 0.00 ms.
Unloading 1805 Unused Serialized files (Serialized files now loaded: 0)
System memory in use before: 88.5 MB.
System memory in use after: 88.5 MB.

Unloading 12 unused Assets to reduce memory usage. Loaded Objects now: 2327.
Total: 5.116700 ms (FindLiveObjects: 0.440500 ms CreateObjectMapping: 0.193500 ms MarkObjects: 4.235100 ms  DeleteObjects: 0.244600 ms)

========================================================================
Received Prepare
Registering precompiled user dll's ...
Registered in 0.003241 seconds.
Begin MonoManager ReloadAssembly
Native extension for WindowsStandalone target not found
Native extension for WebGL target not found
Refreshing native plugins compatible for Editor in 0.84 ms, found 1 plugins.
Preloading 0 native plugins for Editor in 0.00 ms.
Mono: successfully reloaded assembly
- Completed reload, in  2.575 seconds
Platform modules already initialized, skipping
Refreshing native plugins compatible for Editor in 1.53 ms, found 1 plugins.
Preloading 0 native plugins for Editor in 0.00 ms.
Unloading 1805 Unused Serialized files (Serialized files now loaded: 0)
System memory in use before: 88.5 MB.
System memory in use after: 88.5 MB.

Unloading 12 unused Assets to reduce memory usage. Loaded Objects now: 2331.
Total: 7.966600 ms (FindLiveObjects: 0.726100 ms CreateObjectMapping: 0.459400 ms MarkObjects: 6.003300 ms  DeleteObjects: 0.774400 ms)

========================================================================
Received Prepare
Registering precompiled user dll's ...
Registered in 0.003597 seconds.
Begin MonoManager ReloadAssembly
Native extension for WindowsStandalone target not found
Native extension for WebGL target not found
Refreshing native plugins compatible for Editor in 0.99 ms, found 1 plugins.
Preloading 0 native plugins for Editor in 0.00 ms.
Mono: successfully reloaded assembly
- Completed reload, in  4.855 seconds
Platform modules already initialized, skipping
Refreshing native plugins compatible for Editor in 0.91 ms, found 1 plugins.
Preloading 0 native plugins for Editor in 0.00 ms.
Unloading 1805 Unused Serialized files (Serialized files now loaded: 0)
System memory in use before: 88.5 MB.
System memory in use after: 88.5 MB.

Unloading 12 unused Assets to reduce memory usage. Loaded Objects now: 2335.
Total: 29.010000 ms (FindLiveObjects: 1.484000 ms CreateObjectMapping: 0.288000 ms MarkObjects: 24.836200 ms  DeleteObjects: 2.397500 ms)

========================================================================
Received Prepare
Registering precompiled user dll's ...
Registered in 0.004959 seconds.
Begin MonoManager ReloadAssembly
Native extension for WindowsStandalone target not found
Native extension for WebGL target not found
Refreshing native plugins compatible for Editor in 0.83 ms, found 1 plugins.
Preloading 0 native plugins for Editor in 0.00 ms.
Mono: successfully reloaded assembly
- Completed reload, in  3.984 seconds
Platform modules already initialized, skipping
Refreshing native plugins compatible for Editor in 0.87 ms, found 1 plugins.
Preloading 0 native plugins for Editor in 0.00 ms.
Unloading 1805 Unused Serialized files (Serialized files now loaded: 0)
System memory in use before: 88.5 MB.
System memory in use after: 88.5 MB.

Unloading 12 unused Assets to reduce memory usage. Loaded Objects now: 2339.
Total: 4.623100 ms (FindLiveObjects: 0.350900 ms CreateObjectMapping: 0.185900 ms MarkObjects: 3.821200 ms  DeleteObjects: 0.261100 ms)

========================================================================
Received Prepare
Registering precompiled user dll's ...
Registered in 0.008345 seconds.
Begin MonoManager ReloadAssembly
Native extension for WindowsStandalone target not found
Native extension for WebGL target not found
Refreshing native plugins compatible for Editor in 0.90 ms, found 1 plugins.
Preloading 0 native plugins for Editor in 0.00 ms.
Mono: successfully reloaded assembly
- Completed reload, in  3.409 seconds
Platform modules already initialized, skipping
Refreshing native plugins compatible for Editor in 0.97 ms, found 1 plugins.
Preloading 0 native plugins for Editor in 0.00 ms.
Unloading 1805 Unused Serialized files (Serialized files now loaded: 0)
System memory in use before: 88.6 MB.
System memory in use after: 88.5 MB.

Unloading 12 unused Assets to reduce memory usage. Loaded Objects now: 2343.
Total: 5.605300 ms (FindLiveObjects: 0.428600 ms CreateObjectMapping: 0.223800 ms MarkObjects: 4.714100 ms  DeleteObjects: 0.235300 ms)

========================================================================
Received Prepare
Registering precompiled user dll's ...
Registered in 0.003681 seconds.
Begin MonoManager ReloadAssembly
Native extension for WindowsStandalone target not found
Native extension for WebGL target not found
Refreshing native plugins compatible for Editor in 0.85 ms, found 1 plugins.
Preloading 0 native plugins for Editor in 0.00 ms.
Mono: successfully reloaded assembly
- Completed reload, in  4.021 seconds
Platform modules already initialized, skipping
Refreshing native plugins compatible for Editor in 1.04 ms, found 1 plugins.
Preloading 0 native plugins for Editor in 0.00 ms.
Unloading 1805 Unused Serialized files (Serialized files now loaded: 0)
System memory in use before: 88.6 MB.
System memory in use after: 88.5 MB.

Unloading 12 unused Assets to reduce memory usage. Loaded Objects now: 2347.
Total: 94.119100 ms (FindLiveObjects: 0.830500 ms CreateObjectMapping: 72.930900 ms MarkObjects: 20.079300 ms  DeleteObjects: 0.274900 ms)

========================================================================
Received Import Request.
  Time since last request: 1550.340672 seconds.
  path: Assets/Sprites/CHARACTERS/ANIMATION/BASE CHARACTER/PNG/WITH_FX/spr_axe_strip10.png
  artifactKey: Guid(57cdfffd2dde8014ea1b51232368e197) Importer(815301076,1909f56bfc062723c751e8b465ee728b)
Start importing Assets/Sprites/CHARACTERS/ANIMATION/BASE CHARACTER/PNG/WITH_FX/spr_axe_strip10.png using Guid(57cdfffd2dde8014ea1b51232368e197) Importer(815301076,1909f56bfc062723c751e8b465ee728b)  -> (artifact id: '32dbfe9270b9501f5e0d4e88eb2e3de9') in 0.307808 seconds
  Import took 0.350314 seconds .

========================================================================
Received Import Request.
  Time since last request: 0.001148 seconds.
  path: Assets/Sprites/CHARACTERS/ANIMATION/BASE CHARACTER/PNG/WITH_FX/spr_hammering_strip23.png
  artifactKey: Guid(3fa8e327b1b807148ad0bb10aa06aea4) Importer(815301076,1909f56bfc062723c751e8b465ee728b)
Start importing Assets/Sprites/CHARACTERS/ANIMATION/BASE CHARACTER/PNG/WITH_FX/spr_hammering_strip23.png using Guid(3fa8e327b1b807148ad0bb10aa06aea4) Importer(815301076,1909f56bfc062723c751e8b465ee728b)  -> (artifact id: '9c348a354d14782f33b2ca7886f1fe1a') in 0.352481 seconds
  Import took 0.367229 seconds .

========================================================================
Received Import Request.
  Time since last request: 0.000425 seconds.
  path: Assets/Sprites/CHARACTERS/ANIMATION/BASE CHARACTER/PNG/WITH_FX/spr_jump_strip9.png
  artifactKey: Guid(84cba5e3277898143b93c0d5dfa06739) Importer(815301076,1909f56bfc062723c751e8b465ee728b)
Start importing Assets/Sprites/CHARACTERS/ANIMATION/BASE CHARACTER/PNG/WITH_FX/spr_jump_strip9.png using Guid(84cba5e3277898143b93c0d5dfa06739) Importer(815301076,1909f56bfc062723c751e8b465ee728b)  -> (artifact id: '370a04ddc6529e47873adf685fa22a44') in 0.445076 seconds
  Import took 0.507079 seconds .

========================================================================
Received Import Request.
  Time since last request: 0.000706 seconds.
  path: Assets/Sprites/CHARACTERS/ANIMATION/BASE CHARACTER/PNG/WITH_FX/spr_mining_strip10.png
  artifactKey: Guid(4de2d035c9c4c1c479ccbab36780b0e5) Importer(815301076,1909f56bfc062723c751e8b465ee728b)
Start importing Assets/Sprites/CHARACTERS/ANIMATION/BASE CHARACTER/PNG/WITH_FX/spr_mining_strip10.png using Guid(4de2d035c9c4c1c479ccbab36780b0e5) Importer(815301076,1909f56bfc062723c751e8b465ee728b)  -> (artifact id: '9ceca2533b6da518479f1da70425e248') in 0.199736 seconds
  Import took 0.255897 seconds .

========================================================================
Received Import Request.
  Time since last request: 0.000553 seconds.
  path: Assets/Sprites/CHARACTERS/ANIMATION/BASE CHARACTER/PNG/WITH_FX/spr_carry_strip8.png
  artifactKey: Guid(7b0d6c2ae751fed409ac0b78b848a3f9) Importer(815301076,1909f56bfc062723c751e8b465ee728b)
Start importing Assets/Sprites/CHARACTERS/ANIMATION/BASE CHARACTER/PNG/WITH_FX/spr_carry_strip8.png using Guid(7b0d6c2ae751fed409ac0b78b848a3f9) Importer(815301076,1909f56bfc062723c751e8b465ee728b)  -> (artifact id: '5e6bdf2bb299f0c9be46d5410a583b7a') in 0.254624 seconds
  Import took 0.278172 seconds .

========================================================================
Received Import Request.
  Time since last request: 0.002246 seconds.
  path: Assets/Sprites/CHARACTERS/ANIMATION/BASE CHARACTER/PNG/WITH_FX/spr_dig_strip13.png
  artifactKey: Guid(3bea85bdf41c86645a082108696d4198) Importer(815301076,1909f56bfc062723c751e8b465ee728b)
Start importing Assets/Sprites/CHARACTERS/ANIMATION/BASE CHARACTER/PNG/WITH_FX/spr_dig_strip13.png using Guid(3bea85bdf41c86645a082108696d4198) Importer(815301076,1909f56bfc062723c751e8b465ee728b)  -> (artifact id: 'bdfb06631c17021068cac0e13f10b7ab') in 0.181704 seconds
  Import took 0.199479 seconds .

========================================================================
Received Import Request.
  Time since last request: 0.000460 seconds.
  path: Assets/Sprites/CHARACTERS/ANIMATION/BASE CHARACTER/PNG/WITH_FX/spr_hurt_strip8.png
  artifactKey: Guid(c2346aa40ddce294eb04be7d294572a3) Importer(815301076,1909f56bfc062723c751e8b465ee728b)
Start importing Assets/Sprites/CHARACTERS/ANIMATION/BASE CHARACTER/PNG/WITH_FX/spr_hurt_strip8.png using Guid(c2346aa40ddce294eb04be7d294572a3) Importer(815301076,1909f56bfc062723c751e8b465ee728b)  -> (artifact id: 'b95730b80466876aa917dc3fdf51e689') in 0.184453 seconds
  Import took 0.197852 seconds .

========================================================================
Received Import Request.
  Time since last request: 0.000471 seconds.
  path: Assets/Sprites/CHARACTERS/ANIMATION/BASE CHARACTER/PNG/WITH_FX/spr_death_strip13.png
  artifactKey: Guid(5ca10f4c3b94a4043a93416424f9b93f) Importer(815301076,1909f56bfc062723c751e8b465ee728b)
Start importing Assets/Sprites/CHARACTERS/ANIMATION/BASE CHARACTER/PNG/WITH_FX/spr_death_strip13.png using Guid(5ca10f4c3b94a4043a93416424f9b93f) Importer(815301076,1909f56bfc062723c751e8b465ee728b)  -> (artifact id: '8a01890a6a01cccac5f8de8989aa02ba') in 0.182474 seconds
  Import took 0.193591 seconds .

========================================================================
Received Import Request.
  Time since last request: 0.000422 seconds.
  path: Assets/Sprites/CHARACTERS/ANIMATION/BASE CHARACTER/PNG/WITH_FX/spr_roll_strip10.png
  artifactKey: Guid(aab85fcc04418b543a2096c300f1dc91) Importer(815301076,1909f56bfc062723c751e8b465ee728b)
Start importing Assets/Sprites/CHARACTERS/ANIMATION/BASE CHARACTER/PNG/WITH_FX/spr_roll_strip10.png using Guid(aab85fcc04418b543a2096c300f1dc91) Importer(815301076,1909f56bfc062723c751e8b465ee728b)  -> (artifact id: '650874f58d983fe70e95b63625875fe0') in 0.183322 seconds
  Import took 0.196682 seconds .

========================================================================
Received Import Request.
  Time since last request: 0.000436 seconds.
  path: Assets/Sprites/CHARACTERS/ANIMATION/BASE CHARACTER/PNG/WITH_FX/spr_caught_strip10.png
  artifactKey: Guid(48f3a825bb9d3af4ea820d69ba8f5421) Importer(815301076,1909f56bfc062723c751e8b465ee728b)
Start importing Assets/Sprites/CHARACTERS/ANIMATION/BASE CHARACTER/PNG/WITH_FX/spr_caught_strip10.png using Guid(48f3a825bb9d3af4ea820d69ba8f5421) Importer(815301076,1909f56bfc062723c751e8b465ee728b)  -> (artifact id: '4e1bb6efda9bd39f7403cc9adea5d107') in 0.235037 seconds
  Import took 0.242703 seconds .

========================================================================
Received Import Request.
  Time since last request: 0.000431 seconds.
  path: Assets/Sprites/CHARACTERS/ANIMATION/BASE CHARACTER/PNG/WITH_FX/spr_doing_strip8.png
  artifactKey: Guid(6b61b4db23ce22342ab9abcc9f0d0e3b) Importer(815301076,1909f56bfc062723c751e8b465ee728b)
Start importing Assets/Sprites/CHARACTERS/ANIMATION/BASE CHARACTER/PNG/WITH_FX/spr_doing_strip8.png using Guid(6b61b4db23ce22342ab9abcc9f0d0e3b) Importer(815301076,1909f56bfc062723c751e8b465ee728b)  -> (artifact id: 'bb1216eebbe8e77a7a4e8775aecd26fd') in 0.230502 seconds
  Import took 0.249344 seconds .

========================================================================
Received Import Request.
  Time since last request: 0.000735 seconds.
  path: Assets/Sprites/CHARACTERS/ANIMATION/BASE CHARACTER/PNG/WITH_FX/spr_casting_strip15.png
  artifactKey: Guid(365501c5810ad2e4fb0adc28bf4703d2) Importer(815301076,1909f56bfc062723c751e8b465ee728b)
Start importing Assets/Sprites/CHARACTERS/ANIMATION/BASE CHARACTER/PNG/WITH_FX/spr_casting_strip15.png using Guid(365501c5810ad2e4fb0adc28bf4703d2) Importer(815301076,1909f56bfc062723c751e8b465ee728b)  -> (artifact id: '83fd5f703cc89f869128e193d1a05a04') in 0.165755 seconds
  Import took 0.176968 seconds .

========================================================================
Received Prepare
Registering precompiled user dll's ...
Registered in 0.002979 seconds.
Begin MonoManager ReloadAssembly
Native extension for WindowsStandalone target not found
Native extension for WebGL target not found
Refreshing native plugins compatible for Editor in 0.89 ms, found 1 plugins.
Preloading 0 native plugins for Editor in 0.00 ms.
Mono: successfully reloaded assembly
- Completed reload, in  5.011 seconds
Platform modules already initialized, skipping
Refreshing native plugins compatible for Editor in 1.39 ms, found 1 plugins.
Preloading 0 native plugins for Editor in 0.00 ms.
Unloading 1805 Unused Serialized files (Serialized files now loaded: 0)
System memory in use before: 88.8 MB.
System memory in use after: 88.8 MB.

Unloading 12 unused Assets to reduce memory usage. Loaded Objects now: 2351.
Total: 21.446400 ms (FindLiveObjects: 1.176800 ms CreateObjectMapping: 0.285200 ms MarkObjects: 19.743200 ms  DeleteObjects: 0.237400 ms)

========================================================================
Received Import Request.
  Time since last request: 23.059039 seconds.
  path: Assets/Sprites/CHARACTERS/ANIMATION/BASE CHARACTER/PNG/WITH_FX/spr_run_strip8.png
  artifactKey: Guid(360f35862fd63a242a42bf3f2997c7a0) Importer(815301076,1909f56bfc062723c751e8b465ee728b)
Start importing Assets/Sprites/CHARACTERS/ANIMATION/BASE CHARACTER/PNG/WITH_FX/spr_run_strip8.png using Guid(360f35862fd63a242a42bf3f2997c7a0) Importer(815301076,1909f56bfc062723c751e8b465ee728b)  -> (artifact id: '43b5669ae5e4472f7984e3832594e5c8') in 0.376610 seconds
  Import took 0.396764 seconds .

========================================================================
Received Prepare
Registering precompiled user dll's ...
Registered in 0.009292 seconds.
Begin MonoManager ReloadAssembly
Native extension for WindowsStandalone target not found
Native extension for WebGL target not found
Refreshing native plugins compatible for Editor in 1.57 ms, found 1 plugins.
Preloading 0 native plugins for Editor in 0.00 ms.
Mono: successfully reloaded assembly
- Completed reload, in  4.309 seconds
Platform modules already initialized, skipping
Refreshing native plugins compatible for Editor in 0.89 ms, found 1 plugins.
Preloading 0 native plugins for Editor in 0.00 ms.
Unloading 1805 Unused Serialized files (Serialized files now loaded: 0)
System memory in use before: 88.8 MB.
System memory in use after: 88.8 MB.

Unloading 12 unused Assets to reduce memory usage. Loaded Objects now: 2356.
Total: 9.241600 ms (FindLiveObjects: 0.688100 ms CreateObjectMapping: 0.303600 ms MarkObjects: 7.513600 ms  DeleteObjects: 0.733200 ms)

========================================================================
Received Prepare
Registering precompiled user dll's ...
Registered in 0.009322 seconds.
Begin MonoManager ReloadAssembly
Native extension for WindowsStandalone target not found
Native extension for WebGL target not found
Refreshing native plugins compatible for Editor in 0.85 ms, found 1 plugins.
Preloading 0 native plugins for Editor in 0.00 ms.
Mono: successfully reloaded assembly
- Completed reload, in  4.178 seconds
Platform modules already initialized, skipping
Refreshing native plugins compatible for Editor in 1.39 ms, found 1 plugins.
Preloading 0 native plugins for Editor in 0.00 ms.
Unloading 1805 Unused Serialized files (Serialized files now loaded: 0)
System memory in use before: 88.8 MB.
System memory in use after: 88.8 MB.

Unloading 12 unused Assets to reduce memory usage. Loaded Objects now: 2360.
Total: 5.887700 ms (FindLiveObjects: 0.342700 ms CreateObjectMapping: 0.172400 ms MarkObjects: 5.136400 ms  DeleteObjects: 0.233200 ms)

========================================================================
Received Import Request.
  Time since last request: 493.452049 seconds.
  path: Assets/Sprites/CHARACTERS/ANIMATION/BASE CHARACTER/PNG/WITH_FX/spr_roll_strip10.png
  artifactKey: Guid(aab85fcc04418b543a2096c300f1dc91) Importer(815301076,1909f56bfc062723c751e8b465ee728b)
Start importing Assets/Sprites/CHARACTERS/ANIMATION/BASE CHARACTER/PNG/WITH_FX/spr_roll_strip10.png using Guid(aab85fcc04418b543a2096c300f1dc91) Importer(815301076,1909f56bfc062723c751e8b465ee728b)  -> (artifact id: '4bef0feebde00ffa8b2ba658804e1247') in 0.571750 seconds
  Import took 0.589339 seconds .

========================================================================
Received Prepare
Registering precompiled user dll's ...
Registered in 0.010352 seconds.
Begin MonoManager ReloadAssembly
Native extension for WindowsStandalone target not found
Native extension for WebGL target not found
Refreshing native plugins compatible for Editor in 1.57 ms, found 1 plugins.
Preloading 0 native plugins for Editor in 0.00 ms.
Mono: successfully reloaded assembly
- Completed reload, in  8.004 seconds
Platform modules already initialized, skipping
Refreshing native plugins compatible for Editor in 0.90 ms, found 1 plugins.
Preloading 0 native plugins for Editor in 0.00 ms.
Unloading 1805 Unused Serialized files (Serialized files now loaded: 0)
System memory in use before: 88.8 MB.
System memory in use after: 88.8 MB.

Unloading 12 unused Assets to reduce memory usage. Loaded Objects now: 2365.
Total: 7.128700 ms (FindLiveObjects: 0.700500 ms CreateObjectMapping: 0.458900 ms MarkObjects: 5.717200 ms  DeleteObjects: 0.248100 ms)

========================================================================
Received Prepare
Registering precompiled user dll's ...
Registered in 0.022641 seconds.
Begin MonoManager ReloadAssembly
Native extension for WindowsStandalone target not found
Native extension for WebGL target not found
Refreshing native plugins compatible for Editor in 0.85 ms, found 1 plugins.
Preloading 0 native plugins for Editor in 0.00 ms.
Mono: successfully reloaded assembly
- Completed reload, in  6.305 seconds
Platform modules already initialized, skipping
Refreshing native plugins compatible for Editor in 1.64 ms, found 1 plugins.
Preloading 0 native plugins for Editor in 0.00 ms.
Unloading 1805 Unused Serialized files (Serialized files now loaded: 0)
System memory in use before: 88.8 MB.
System memory in use after: 88.8 MB.

Unloading 12 unused Assets to reduce memory usage. Loaded Objects now: 2369.
Total: 26.067100 ms (FindLiveObjects: 6.602500 ms CreateObjectMapping: 0.326900 ms MarkObjects: 16.974600 ms  DeleteObjects: 2.159100 ms)

========================================================================
Received Prepare
Registering precompiled user dll's ...
Registered in 0.005601 seconds.
Begin MonoManager ReloadAssembly
Native extension for WindowsStandalone target not found
Native extension for WebGL target not found
Refreshing native plugins compatible for Editor in 0.86 ms, found 1 plugins.
Preloading 0 native plugins for Editor in 0.00 ms.
Mono: successfully reloaded assembly
- Completed reload, in  5.233 seconds
Platform modules already initialized, skipping
Refreshing native plugins compatible for Editor in 0.86 ms, found 1 plugins.
Preloading 0 native plugins for Editor in 0.00 ms.
Unloading 1805 Unused Serialized files (Serialized files now loaded: 0)
System memory in use before: 88.8 MB.
System memory in use after: 88.8 MB.

Unloading 12 unused Assets to reduce memory usage. Loaded Objects now: 2373.
Total: 12.679300 ms (FindLiveObjects: 1.729700 ms CreateObjectMapping: 2.324800 ms MarkObjects: 8.376900 ms  DeleteObjects: 0.243300 ms)

========================================================================
Received Prepare
Registering precompiled user dll's ...
Registered in 0.003230 seconds.
Begin MonoManager ReloadAssembly
Native extension for WindowsStandalone target not found
Native extension for WebGL target not found
Refreshing native plugins compatible for Editor in 0.87 ms, found 1 plugins.
Preloading 0 native plugins for Editor in 0.00 ms.
Mono: successfully reloaded assembly
- Completed reload, in  2.588 seconds
Platform modules already initialized, skipping
Refreshing native plugins compatible for Editor in 1.02 ms, found 1 plugins.
Preloading 0 native plugins for Editor in 0.00 ms.
Unloading 1805 Unused Serialized files (Serialized files now loaded: 0)
System memory in use before: 88.9 MB.
System memory in use after: 88.8 MB.

Unloading 12 unused Assets to reduce memory usage. Loaded Objects now: 2377.
Total: 16.482700 ms (FindLiveObjects: 0.425100 ms CreateObjectMapping: 0.230600 ms MarkObjects: 15.591400 ms  DeleteObjects: 0.232500 ms)

========================================================================
Received Import Request.
  Time since last request: 519.640798 seconds.
  path: Assets/Animations/Actors/Player/Player.controller
  artifactKey: Guid(d373bb23d6fd33746899cfdca2605b6e) Importer(815301076,1909f56bfc062723c751e8b465ee728b)
Start importing Assets/Animations/Actors/Player/Player.controller using Guid(d373bb23d6fd33746899cfdca2605b6e) Importer(815301076,1909f56bfc062723c751e8b465ee728b)  -> (artifact id: 'da464aef4f021b5f59cda4cac7d76d14') in 0.165558 seconds
  Import took 0.185322 seconds .

========================================================================
Received Prepare
Registering precompiled user dll's ...
Registered in 0.003136 seconds.
Begin MonoManager ReloadAssembly
Native extension for WindowsStandalone target not found
Native extension for WebGL target not found
Refreshing native plugins compatible for Editor in 1.11 ms, found 1 plugins.
Preloading 0 native plugins for Editor in 0.00 ms.
Mono: successfully reloaded assembly
- Completed reload, in  4.860 seconds
Platform modules already initialized, skipping
Refreshing native plugins compatible for Editor in 1.58 ms, found 1 plugins.
Preloading 0 native plugins for Editor in 0.00 ms.
Unloading 1805 Unused Serialized files (Serialized files now loaded: 0)
System memory in use before: 88.9 MB.
System memory in use after: 88.8 MB.

Unloading 12 unused Assets to reduce memory usage. Loaded Objects now: 2381.
Total: 10.149000 ms (FindLiveObjects: 0.841000 ms CreateObjectMapping: 0.498300 ms MarkObjects: 8.339300 ms  DeleteObjects: 0.467000 ms)

========================================================================
Received Prepare
Registering precompiled user dll's ...
Registered in 0.009770 seconds.
Begin MonoManager ReloadAssembly
Native extension for WindowsStandalone target not found
Native extension for WebGL target not found
Refreshing native plugins compatible for Editor in 0.82 ms, found 1 plugins.
Preloading 0 native plugins for Editor in 0.00 ms.
Mono: successfully reloaded assembly
- Completed reload, in  3.825 seconds
Platform modules already initialized, skipping
Refreshing native plugins compatible for Editor in 0.86 ms, found 1 plugins.
Preloading 0 native plugins for Editor in 0.00 ms.
Unloading 1805 Unused Serialized files (Serialized files now loaded: 0)
System memory in use before: 88.9 MB.
System memory in use after: 88.9 MB.

Unloading 12 unused Assets to reduce memory usage. Loaded Objects now: 2385.
Total: 5.172400 ms (FindLiveObjects: 0.364400 ms CreateObjectMapping: 0.177400 ms MarkObjects: 4.385700 ms  DeleteObjects: 0.242300 ms)

========================================================================
Received Prepare
Registering precompiled user dll's ...
Registered in 0.008279 seconds.
Begin MonoManager ReloadAssembly
Native extension for WindowsStandalone target not found
Native extension for WebGL target not found
Refreshing native plugins compatible for Editor in 0.91 ms, found 1 plugins.
Preloading 0 native plugins for Editor in 0.00 ms.
Mono: successfully reloaded assembly
- Completed reload, in  4.328 seconds
Platform modules already initialized, skipping
Refreshing native plugins compatible for Editor in 0.86 ms, found 1 plugins.
Preloading 0 native plugins for Editor in 0.00 ms.
Unloading 1805 Unused Serialized files (Serialized files now loaded: 0)
System memory in use before: 88.9 MB.
System memory in use after: 88.9 MB.

Unloading 12 unused Assets to reduce memory usage. Loaded Objects now: 2389.
Total: 10.043000 ms (FindLiveObjects: 2.858300 ms CreateObjectMapping: 0.988900 ms MarkObjects: 5.961600 ms  DeleteObjects: 0.231500 ms)

========================================================================
Received Prepare
Registering precompiled user dll's ...
Registered in 0.002926 seconds.
Begin MonoManager ReloadAssembly
Native extension for WindowsStandalone target not found
Native extension for WebGL target not found
Refreshing native plugins compatible for Editor in 1.01 ms, found 1 plugins.
Preloading 0 native plugins for Editor in 0.00 ms.
Mono: successfully reloaded assembly
- Completed reload, in  3.963 seconds
Platform modules already initialized, skipping
Refreshing native plugins compatible for Editor in 0.88 ms, found 1 plugins.
Preloading 0 native plugins for Editor in 0.00 ms.
Unloading 1805 Unused Serialized files (Serialized files now loaded: 0)
System memory in use before: 88.9 MB.
System memory in use after: 88.9 MB.

Unloading 12 unused Assets to reduce memory usage. Loaded Objects now: 2393.
Total: 6.333700 ms (FindLiveObjects: 0.382600 ms CreateObjectMapping: 0.201200 ms MarkObjects: 5.383900 ms  DeleteObjects: 0.363200 ms)

